=== COM43 ===
> AT
[nRF24] Initializing ... success!
AT bridge for nRF24L01(+) (RadioLib)
Core:
  AT                  -> OK
  AT? / AT+HELP       -> help
  AT+CFG?             -> print config
  AT+APPLY            -> apply pipes + (re)start RX
  AT+RESET            ->OK
> AT+RX=OFF
OK
> AT+CHAN=80
OK
> AT+DYN=ON
OK
> AT+AUTOACK=OFF
OK
> AT+CRC=ON
OK
> AT+LNA=ON
OK
> AT+RATE=250
OK
> AT+PWR=-18
OK
> AT+STATUS?
STATUS=0xE
FIFO_STATUS=0x11
RF_CH=80
RF_SETUP=0x21
EN_AA=0x0
EN_RXADDR=0x1
SETUP_RETR=0x5F
FEATURE=0x4
DYNPD=0x3F
RPD=NO
OK
> AT+PWR=-6
OK
> AT+STATUS?
STATUS=0xE
FIFO_STATUS=0x11
RF_CH=80
RF_SETUP=0x25
EN_AA=0x0
EN_RXADDR=0x1
SETUP_RETR=0x5F
FEATURE=0x4
DYNPD=0x3F
RPD=NO
OK
> AT+PWR=0
OK
> AT+STATUS?
STATUS=0xE
FIFO_STATUS=0x11
RF_CH=80
RF_SETUP=0x27
EN_AA=0x0
EN_RXADDR=0x1
SETUP_RETR=0x5F
FEATURE=0x4
DYNPD=0x3F
RPD=NO
OK
> AT+RATE=1000
OK
> AT+STATUS?
STATUS=0xE
FIFO_STATUS=0x11
RF_CH=80
RF_SETUP=0x7
EN_AA=0x0
EN_RXADDR=0x1
SETUP_RETR=0x5F
FEATURE=0x4
DYNPD=0x3F
RPD=NO
OK
> AT+RATE=2000
OK
> AT+STATUS?
STATUS=0xE
FIFO_STATUS=0x11
RF_CH=80
RF_SETUP=0xF
EN_AA=0x0
EN_RXADDR=0x1
SETUP_RETR=0x5F
FEATURE=0x4
DYNPD=0x3F
RPD=NO
OK
> AT+RX=OFF
OK
=== COM44 ===
> AT
[nRF24] Initializing ... success!
AT bridge for nRF24L01(+) (RadioLib)
Core:
  AT                  -> OK
  AT? / AT+HELP       -> help
  AT+CFG?             -> print config
  AT+APPLY            -> apply pipes + (re)start RX
  AT+RESET            ->OK
> AT+RX=OFF
OK
> AT+CHAN=80
OK
> AT+DYN=ON
OK
> AT+AUTOACK=OFF
OK
> AT+CRC=ON
OK
> AT+LNA=ON
OK
> AT+RATE=250
OK
> AT+PWR=-18
OK
> AT+STATUS?
STATUS=0xE
FIFO_STATUS=0x11
RF_CH=80
RF_SETUP=0x21
EN_AA=0x0
EN_RXADDR=0x1
SETUP_RETR=0x5F
FEATURE=0x4
DYNPD=0x3F
RPD=NO
OK
> AT+PWR=-6
OK
> AT+STATUS?
STATUS=0xE
FIFO_STATUS=0x11
RF_CH=80
RF_SETUP=0x25
EN_AA=0x0
EN_RXADDR=0x1
SETUP_RETR=0x5F
FEATURE=0x4
DYNPD=0x3F
RPD=NO
OK
> AT+PWR=0
OK
> AT+STATUS?
STATUS=0xE
FIFO_STATUS=0x11
RF_CH=80
RF_SETUP=0x27
EN_AA=0x0
EN_RXADDR=0x1
SETUP_RETR=0x5F
FEATURE=0x4
DYNPD=0x3F
RPD=NO
OK
> AT+RATE=1000
OK
> AT+STATUS?
STATUS=0xE
FIFO_STATUS=0x11
RF_CH=80
RF_SETUP=0x7
EN_AA=0x0
EN_RXADDR=0x1
SETUP_RETR=0x5F
FEATURE=0x4
DYNPD=0x3F
RPD=NO
OK
> AT+RATE=2000
OK
> AT+STATUS?
STATUS=0xE
FIFO_STATUS=0x11
RF_CH=80
RF_SETUP=0xF
EN_AA=0x0
EN_RXADDR=0x1
SETUP_RETR=0x5F
FEATURE=0x4
DYNPD=0x3F
RPD=NO
OK
> AT+RX=OFF
OK
