[06:30:19] START   Quick session: 6 steps - RADIO_NRF24L01_PA
[06:30:19] STEP    Fast TX, physical frame - attempt 1
[06:30:19] COMMAND $ "C:\Users\Alexandru\Desktop\module radio\ESP32-C3_Radio\power_profiler\.venv\Scripts\python.exe" -u -m radio_power_profiler run --module RADIO_NRF24L01_PA --direction tx --radio-port COM43 --ppk-port COM11 --voltage-mv 3300 --sizes 32 --repetitions 2 --cooldown-s 2 --keep-power-on --axis tx_power_dbm=0 --axis data_rate_kbps=2000 --output "C:\Users\Alexandru\Desktop\module radio\ESP32-C3_Radio\power_profiler\web_sessions\20260720_063019_quick_radio_nrf24l01_pa\packet_results" --receiver-port COM44 --save-raw
[06:30:19] INFO    PPK2: COM11, mode=ampere, input voltage=3300 mV
[06:30:19] INFO    Measured transmitter: COM43, 9600 baud
[06:30:19] INFO    Peer receiver: COM44, 9600 baud
[06:30:23] INFO    Configuring measured transmitter (nRF24L01+PA) on COM43 ...
[06:30:26] INFO    Configuring peer receiver on COM44 ...
[06:30:31] INFO    [   1/2] TX   32 B, {'tx_power_dbm': 0, 'data_rate_kbps': 2000}, rep 1: ok, peak=132314.1 uA, energy=100.619 uJ
[06:30:34] INFO    [   2/2] TX   32 B, {'tx_power_dbm': 0, 'data_rate_kbps': 2000}, rep 2: ok, peak=132314.1 uA, energy=103.226 uJ
[06:30:34] INFO    Results: C:\Users\Alexandru\Desktop\module radio\ESP32-C3_Radio\power_profiler\web_sessions\20260720_063019_quick_radio_nrf24l01_pa\packet_results\20260720_063019_radio_nrf24l01_pa
[06:30:35] INFO    PPK2 current path enabled and guarded (external VIN -> VOUT)
[06:30:35] STEP    Fast RX, physical frame - attempt 1
[06:30:35] COMMAND $ "C:\Users\Alexandru\Desktop\module radio\ESP32-C3_Radio\power_profiler\.venv\Scripts\python.exe" -u -m radio_power_profiler run --module RADIO_NRF24L01_PA --direction rx --radio-port COM43 --ppk-port COM11 --voltage-mv 3300 --sizes 32 --repetitions 2 --cooldown-s 2 --keep-power-on --axis tx_power_dbm=0 --axis data_rate_kbps=2000 --output "C:\Users\Alexandru\Desktop\module radio\ESP32-C3_Radio\power_profiler\web_sessions\20260720_063019_quick_radio_nrf24l01_pa\packet_results" --transmitter-port COM44 --save-raw
[06:30:35] INFO    PPK2: COM11, mode=ampere, input voltage=3300 mV
[06:30:35] INFO    Measured receiver: COM43, 9600 baud
[06:30:35] INFO    Peer transmitter: COM44, 9600 baud
[06:30:42] INFO    Configuring measured receiver (nRF24L01+PA) on COM43 ...
[06:30:49] INFO    Configuring peer transmitter on COM44 ...
[06:30:55] INFO    [   1/2] RX   32 B, {'tx_power_dbm': 0, 'data_rate_kbps': 2000}, rep 1: ok, peak=24930.9 uA, energy=93.465 uJ
[06:30:58] INFO    [   2/2] RX   32 B, {'tx_power_dbm': 0, 'data_rate_kbps': 2000}, rep 2: rx_missing, peak=24979.8 uA, energy=93.483 uJ
[06:30:58] INFO    Results: C:\Users\Alexandru\Desktop\module radio\ESP32-C3_Radio\power_profiler\web_sessions\20260720_063019_quick_radio_nrf24l01_pa\packet_results\20260720_063035_radio_nrf24l01_pa_rx
[06:30:59] INFO    PPK2 current path enabled and guarded (external VIN -> VOUT)
[06:30:59] WARNING Fast RX, physical frame: 1 transfers have missing packets or fragments
[06:30:59] STEP    Slow TX, fragmented transfer - attempt 1
[06:30:59] COMMAND $ "C:\Users\Alexandru\Desktop\module radio\ESP32-C3_Radio\power_profiler\.venv\Scripts\python.exe" -u -m radio_power_profiler run --module RADIO_NRF24L01_PA --direction tx --radio-port COM43 --ppk-port COM11 --voltage-mv 3300 --sizes 32 --repetitions 2 --cooldown-s 2 --keep-power-on --axis tx_power_dbm=-18 --axis data_rate_kbps=250 --output "C:\Users\Alexandru\Desktop\module radio\ESP32-C3_Radio\power_profiler\web_sessions\20260720_063019_quick_radio_nrf24l01_pa\packet_results" --receiver-port COM44 --save-raw
[06:30:59] INFO    PPK2: COM11, mode=ampere, input voltage=3300 mV
[06:30:59] INFO    Measured transmitter: COM43, 9600 baud
[06:30:59] INFO    Peer receiver: COM44, 9600 baud
[06:31:06] INFO    Configuring measured transmitter (nRF24L01+PA) on COM43 ...
[06:31:13] INFO    Configuring peer receiver on COM44 ...
[06:31:18] INFO    [   1/2] TX   32 B, {'tx_power_dbm': -18, 'data_rate_kbps': 250}, rep 1: rx_missing, peak=34362.2 uA, energy=144.693 uJ
[06:31:21] INFO    [   2/2] TX   32 B, {'tx_power_dbm': -18, 'data_rate_kbps': 250}, rep 2: rx_missing, peak=33448.2 uA, energy=144.594 uJ
[06:31:21] INFO    Results: C:\Users\Alexandru\Desktop\module radio\ESP32-C3_Radio\power_profiler\web_sessions\20260720_063019_quick_radio_nrf24l01_pa\packet_results\20260720_063059_radio_nrf24l01_pa
[06:31:22] INFO    PPK2 current path enabled and guarded (external VIN -> VOUT)
[06:31:22] WARNING Slow TX, fragmented transfer: 2 transfers have missing packets or fragments
[06:31:22] STEP    Slow RX, fragmented transfer - attempt 1
[06:31:22] COMMAND $ "C:\Users\Alexandru\Desktop\module radio\ESP32-C3_Radio\power_profiler\.venv\Scripts\python.exe" -u -m radio_power_profiler run --module RADIO_NRF24L01_PA --direction rx --radio-port COM43 --ppk-port COM11 --voltage-mv 3300 --sizes 32 --repetitions 2 --cooldown-s 2 --keep-power-on --axis tx_power_dbm=-18 --axis data_rate_kbps=250 --output "C:\Users\Alexandru\Desktop\module radio\ESP32-C3_Radio\power_profiler\web_sessions\20260720_063019_quick_radio_nrf24l01_pa\packet_results" --transmitter-port COM44 --save-raw
[06:31:22] INFO    PPK2: COM11, mode=ampere, input voltage=3300 mV
[06:31:22] INFO    Measured receiver: COM43, 9600 baud
[06:31:22] INFO    Peer transmitter: COM44, 9600 baud
[06:31:30] INFO    Configuring measured receiver (nRF24L01+PA) on COM43 ...
[06:31:36] INFO    Configuring peer transmitter on COM44 ...
[06:31:42] INFO    [   1/2] RX   32 B, {'tx_power_dbm': -18, 'data_rate_kbps': 250}, rep 1: ok, peak=24051.8 uA, energy=181.128 uJ
[06:31:45] INFO    [   2/2] RX   32 B, {'tx_power_dbm': -18, 'data_rate_kbps': 250}, rep 2: ok, peak=24100.5 uA, energy=181.043 uJ
[06:31:45] INFO    Results: C:\Users\Alexandru\Desktop\module radio\ESP32-C3_Radio\power_profiler\web_sessions\20260720_063019_quick_radio_nrf24l01_pa\packet_results\20260720_063122_radio_nrf24l01_pa_rx
[06:31:46] INFO    PPK2 current path enabled and guarded (external VIN -> VOUT)
[06:31:46] STEP    Slow TX at maximum power - attempt 1
[06:31:46] COMMAND $ "C:\Users\Alexandru\Desktop\module radio\ESP32-C3_Radio\power_profiler\.venv\Scripts\python.exe" -u -m radio_power_profiler run --module RADIO_NRF24L01_PA --direction tx --radio-port COM43 --ppk-port COM11 --voltage-mv 3300 --sizes 32 --repetitions 2 --cooldown-s 2 --keep-power-on --axis tx_power_dbm=0 --axis data_rate_kbps=250 --output "C:\Users\Alexandru\Desktop\module radio\ESP32-C3_Radio\power_profiler\web_sessions\20260720_063019_quick_radio_nrf24l01_pa\packet_results" --receiver-port COM44 --save-raw
[06:31:46] INFO    PPK2: COM11, mode=ampere, input voltage=3300 mV
[06:31:46] INFO    Measured transmitter: COM43, 9600 baud
[06:31:46] INFO    Peer receiver: COM44, 9600 baud
[06:31:54] INFO    Configuring measured transmitter (nRF24L01+PA) on COM43 ...
[06:32:00] INFO    Configuring peer receiver on COM44 ...
[06:32:05] INFO    [   1/2] TX   32 B, {'tx_power_dbm': 0, 'data_rate_kbps': 250}, rep 1: rx_missing, peak=130797.5 uA, energy=539.063 uJ
[06:32:08] INFO    [   2/2] TX   32 B, {'tx_power_dbm': 0, 'data_rate_kbps': 250}, rep 2: rx_missing, peak=132314.1 uA, energy=535.589 uJ
[06:32:08] INFO    Results: C:\Users\Alexandru\Desktop\module radio\ESP32-C3_Radio\power_profiler\web_sessions\20260720_063019_quick_radio_nrf24l01_pa\packet_results\20260720_063146_radio_nrf24l01_pa
[06:32:09] INFO    PPK2 current path enabled and guarded (external VIN -> VOUT)
[06:32:09] WARNING Slow TX at maximum power: 2 transfers have missing packets or fragments
[06:32:09] STEP    Slow RX at maximum peer power - attempt 1
[06:32:09] COMMAND $ "C:\Users\Alexandru\Desktop\module radio\ESP32-C3_Radio\power_profiler\.venv\Scripts\python.exe" -u -m radio_power_profiler run --module RADIO_NRF24L01_PA --direction rx --radio-port COM43 --ppk-port COM11 --voltage-mv 3300 --sizes 32 --repetitions 2 --cooldown-s 2 --keep-power-on --axis tx_power_dbm=0 --axis data_rate_kbps=250 --output "C:\Users\Alexandru\Desktop\module radio\ESP32-C3_Radio\power_profiler\web_sessions\20260720_063019_quick_radio_nrf24l01_pa\packet_results" --transmitter-port COM44 --save-raw
[06:32:09] INFO    PPK2: COM11, mode=ampere, input voltage=3300 mV
[06:32:09] INFO    Measured receiver: COM43, 9600 baud
[06:32:09] INFO    Peer transmitter: COM44, 9600 baud
[06:32:17] INFO    Configuring measured receiver (nRF24L01+PA) on COM43 ...
[06:32:23] INFO    Configuring peer transmitter on COM44 ...
[06:32:29] INFO    [   1/2] RX   32 B, {'tx_power_dbm': 0, 'data_rate_kbps': 250}, rep 1: rx_missing, peak=23905.6 uA, energy=181.426 uJ
[06:32:32] INFO    [   2/2] RX   32 B, {'tx_power_dbm': 0, 'data_rate_kbps': 250}, rep 2: rx_missing, peak=23905.6 uA, energy=180.988 uJ
[06:32:33] INFO    Results: C:\Users\Alexandru\Desktop\module radio\ESP32-C3_Radio\power_profiler\web_sessions\20260720_063019_quick_radio_nrf24l01_pa\packet_results\20260720_063209_radio_nrf24l01_pa_rx
[06:32:33] INFO    PPK2 current path enabled and guarded (external VIN -> VOUT)
[06:32:33] WARNING Slow RX at maximum peer power: 2 transfers have missing packets or fragments
[06:32:33] FINISH  Test completed successfully
