[20:08:14] START   Quick session: 4 steps - RADIO_RA02_SX1278_2CAP
[20:08:14] STEP    Fast TX, physical frame - attempt 1
[20:08:14] COMMAND $ "C:\Users\Alexandru\Desktop\module radio\ESP32-C3_Radio\power_profiler\.venv\Scripts\python.exe" -u -m radio_power_profiler run --module RADIO_RA02_SX1278_2CAP --direction tx --radio-port COM35 --ppk-port COM11 --voltage-mv 3300 --sizes 8 --repetitions 2 --cooldown-s 1 --keep-power-on --axis tx_power_dbm=20 --axis spreading_factor=7 --axis bandwidth_khz=125 --output "C:\Users\Alexandru\Desktop\module radio\ESP32-C3_Radio\power_profiler\web_sessions\20260719_200814_quick_radio_ra02_sx1278_2cap\packet_results" --receiver-port COM36 --save-raw
[20:08:14] INFO    PPK2: COM11, mode=ampere, input voltage=3300 mV
[20:08:14] INFO    Measured transmitter: COM35, 9600 baud
[20:08:14] INFO    Peer receiver: COM36, 9600 baud
[20:08:18] INFO    Configuring measured transmitter (Ai-Thinker RA-02 (SX1278) + 2Cap) on COM35 ...
[20:08:20] INFO    Configuring peer receiver on COM36 ...
[20:08:24] INFO    [   1/2] TX    8 B, {'tx_power_dbm': 20, 'spreading_factor': 7, 'bandwidth_khz': 125}, rep 1: ok, peak=68920.6 uA, energy=8920.091 uJ
[20:08:27] INFO    [   2/2] TX    8 B, {'tx_power_dbm': 20, 'spreading_factor': 7, 'bandwidth_khz': 125}, rep 2: ok, peak=68920.6 uA, energy=8855.791 uJ
[20:08:27] INFO    Results: C:\Users\Alexandru\Desktop\module radio\ESP32-C3_Radio\power_profiler\web_sessions\20260719_200814_quick_radio_ra02_sx1278_2cap\packet_results\20260719_200814_radio_ra02_sx1278_2cap
[20:08:27] INFO    PPK2 current path enabled and guarded (external VIN -> VOUT)
[20:08:27] STEP    Fast RX, physical frame - attempt 1
[20:08:27] COMMAND $ "C:\Users\Alexandru\Desktop\module radio\ESP32-C3_Radio\power_profiler\.venv\Scripts\python.exe" -u -m radio_power_profiler run --module RADIO_RA02_SX1278_2CAP --direction rx --radio-port COM35 --ppk-port COM11 --voltage-mv 3300 --sizes 8 --repetitions 2 --cooldown-s 1 --keep-power-on --axis tx_power_dbm=20 --axis spreading_factor=7 --axis bandwidth_khz=125 --output "C:\Users\Alexandru\Desktop\module radio\ESP32-C3_Radio\power_profiler\web_sessions\20260719_200814_quick_radio_ra02_sx1278_2cap\packet_results" --transmitter-port COM36 --save-raw
[20:08:28] INFO    PPK2: COM11, mode=ampere, input voltage=3300 mV
[20:08:28] INFO    Measured receiver: COM35, 9600 baud
[20:08:28] INFO    Peer transmitter: COM36, 9600 baud
[20:08:31] INFO    Configuring measured receiver (Ai-Thinker RA-02 (SX1278) + 2Cap) on COM35 ...
[20:08:34] INFO    Configuring peer transmitter on COM36 ...
[20:08:38] INFO    [   1/2] RX    8 B, {'tx_power_dbm': 20, 'spreading_factor': 7, 'bandwidth_khz': 125}, rep 1: ok, peak=14275.2 uA, energy=1757.664 uJ
[20:08:41] INFO    [   2/2] RX    8 B, {'tx_power_dbm': 20, 'spreading_factor': 7, 'bandwidth_khz': 125}, rep 2: ok, peak=14321.8 uA, energy=1760.672 uJ
[20:08:41] INFO    Results: C:\Users\Alexandru\Desktop\module radio\ESP32-C3_Radio\power_profiler\web_sessions\20260719_200814_quick_radio_ra02_sx1278_2cap\packet_results\20260719_200828_radio_ra02_sx1278_2cap_rx
[20:08:41] INFO    PPK2 current path enabled and guarded (external VIN -> VOUT)
[20:08:41] STEP    Slow TX, fragmented transfer - attempt 1
[20:08:41] COMMAND $ "C:\Users\Alexandru\Desktop\module radio\ESP32-C3_Radio\power_profiler\.venv\Scripts\python.exe" -u -m radio_power_profiler run --module RADIO_RA02_SX1278_2CAP --direction tx --radio-port COM35 --ppk-port COM11 --voltage-mv 3300 --sizes 32 --repetitions 2 --cooldown-s 1 --keep-power-on --axis tx_power_dbm=-4 --axis spreading_factor=12 --axis bandwidth_khz=125 --output "C:\Users\Alexandru\Desktop\module radio\ESP32-C3_Radio\power_profiler\web_sessions\20260719_200814_quick_radio_ra02_sx1278_2cap\packet_results" --receiver-port COM36 --save-raw
[20:08:41] INFO    PPK2: COM11, mode=ampere, input voltage=3300 mV
[20:08:41] INFO    Measured transmitter: COM35, 9600 baud
[20:08:41] INFO    Peer receiver: COM36, 9600 baud
[20:08:45] INFO    Configuring measured transmitter (Ai-Thinker RA-02 (SX1278) + 2Cap) on COM35 ...
[20:08:48] INFO    Configuring peer receiver on COM36 ...
[20:08:57] INFO    [   1/2] TX   32 B, {'tx_power_dbm': -4, 'spreading_factor': 12, 'bandwidth_khz': 125}, rep 1: ok, peak=13530.3 uA, energy=77061.676 uJ
[20:09:04] INFO    [   2/2] TX   32 B, {'tx_power_dbm': -4, 'spreading_factor': 12, 'bandwidth_khz': 125}, rep 2: ok, peak=13437.4 uA, energy=77061.147 uJ
[20:09:04] INFO    Results: C:\Users\Alexandru\Desktop\module radio\ESP32-C3_Radio\power_profiler\web_sessions\20260719_200814_quick_radio_ra02_sx1278_2cap\packet_results\20260719_200841_radio_ra02_sx1278_2cap
[20:09:05] INFO    PPK2 current path enabled and guarded (external VIN -> VOUT)
[20:09:05] STEP    Slow RX, fragmented transfer - attempt 1
[20:09:05] COMMAND $ "C:\Users\Alexandru\Desktop\module radio\ESP32-C3_Radio\power_profiler\.venv\Scripts\python.exe" -u -m radio_power_profiler run --module RADIO_RA02_SX1278_2CAP --direction rx --radio-port COM35 --ppk-port COM11 --voltage-mv 3300 --sizes 32 --repetitions 2 --cooldown-s 1 --keep-power-on --axis tx_power_dbm=-4 --axis spreading_factor=12 --axis bandwidth_khz=125 --output "C:\Users\Alexandru\Desktop\module radio\ESP32-C3_Radio\power_profiler\web_sessions\20260719_200814_quick_radio_ra02_sx1278_2cap\packet_results" --transmitter-port COM36 --save-raw
[20:09:05] INFO    PPK2: COM11, mode=ampere, input voltage=3300 mV
[20:09:05] INFO    Measured receiver: COM35, 9600 baud
[20:09:05] INFO    Peer transmitter: COM36, 9600 baud
[20:09:09] INFO    Configuring measured receiver (Ai-Thinker RA-02 (SX1278) + 2Cap) on COM35 ...
[20:09:11] INFO    Configuring peer transmitter on COM36 ...
[20:09:21] INFO    [   1/2] RX   32 B, {'tx_power_dbm': -4, 'spreading_factor': 12, 'bandwidth_khz': 125}, rep 1: ok, peak=13530.3 uA, energy=76471.258 uJ
[20:09:28] INFO    [   2/2] RX   32 B, {'tx_power_dbm': -4, 'spreading_factor': 12, 'bandwidth_khz': 125}, rep 2: ok, peak=13390.9 uA, energy=76430.937 uJ
[20:09:28] INFO    Results: C:\Users\Alexandru\Desktop\module radio\ESP32-C3_Radio\power_profiler\web_sessions\20260719_200814_quick_radio_ra02_sx1278_2cap\packet_results\20260719_200905_radio_ra02_sx1278_2cap_rx
[20:09:29] INFO    PPK2 current path enabled and guarded (external VIN -> VOUT)
[20:09:29] FINISH  Test completed successfully
