[16:47:07] START   Continuous_rx session: 3 steps - RADIO_RA01H_SX1276
[16:47:07] STEP    Average RX power and loss - SF7, BW 125 kHz - 60 s/power level - attempt 1
[16:47:07] COMMAND $ "C:\Users\Alexandru\Desktop\module radio\ESP32-C3_Radio\power_profiler\.venv\Scripts\python.exe" -u -m radio_power_profiler continuous --module RADIO_RA01H_SX1276 --direction rx --powers=2,10,20 --frame-bytes 64 --gap-ms 15 --duration-s 60 --radio-port COM29 --ppk-port COM11 --voltage-mv 3300 --output "C:\Users\Alexandru\Desktop\module radio\ESP32-C3_Radio\power_profiler\web_sessions\20260719_164707_continuous_rx_radio_ra01h_sx1276\continuous" --keep-power-on --axis spreading_factor=7 --axis bandwidth_khz=125 --transmitter-port COM30 --save-raw
[16:47:07] INFO    PPK2: COM11, mode=ampere, input voltage=3300 mV
[16:47:07] INFO    Continuous RX: 60 s per power, parameters={'spreading_factor': 7, 'bandwidth_khz': 125}, 64 B frames, 15 ms gap
[16:49:16] INFO    [1/3] RX 2 dBm: mean=10.827 mA, power=35.728 mW, status=ok
[16:51:11] INFO    [2/3] RX 10 dBm: mean=10.828 mA, power=35.732 mW, status=ok
[16:53:06] INFO    [3/3] RX 20 dBm: mean=10.832 mA, power=35.747 mW, status=ok
[16:53:07] INFO    Results: C:\Users\Alexandru\Desktop\module radio\ESP32-C3_Radio\power_profiler\web_sessions\20260719_164707_continuous_rx_radio_ra01h_sx1276\continuous\20260719_164707_radio_ra01h_sx1276_continuous_rx
[16:53:07] INFO    PPK2 current path enabled and guarded (external VIN -> VOUT)
[16:53:07] STEP    Average RX power and loss - SF9, BW 125 kHz - 60 s/power level - attempt 1
[16:53:07] COMMAND $ "C:\Users\Alexandru\Desktop\module radio\ESP32-C3_Radio\power_profiler\.venv\Scripts\python.exe" -u -m radio_power_profiler continuous --module RADIO_RA01H_SX1276 --direction rx --powers=2,10,20 --frame-bytes 64 --gap-ms 15 --duration-s 60 --radio-port COM29 --ppk-port COM11 --voltage-mv 3300 --output "C:\Users\Alexandru\Desktop\module radio\ESP32-C3_Radio\power_profiler\web_sessions\20260719_164707_continuous_rx_radio_ra01h_sx1276\continuous" --keep-power-on --axis spreading_factor=9 --axis bandwidth_khz=125 --transmitter-port COM30 --save-raw
[16:53:07] INFO    PPK2: COM11, mode=ampere, input voltage=3300 mV
[16:53:07] INFO    Continuous RX: 60 s per power, parameters={'spreading_factor': 9, 'bandwidth_khz': 125}, 64 B frames, 15 ms gap
[16:55:16] INFO    [1/3] RX 2 dBm: mean=10.871 mA, power=35.875 mW, status=ok
[16:57:12] INFO    [2/3] RX 10 dBm: mean=10.866 mA, power=35.857 mW, status=ok
[16:59:07] INFO    [3/3] RX 20 dBm: mean=10.871 mA, power=35.874 mW, status=ok
[16:59:07] INFO    Results: C:\Users\Alexandru\Desktop\module radio\ESP32-C3_Radio\power_profiler\web_sessions\20260719_164707_continuous_rx_radio_ra01h_sx1276\continuous\20260719_165307_radio_ra01h_sx1276_continuous_rx
[16:59:08] INFO    PPK2 current path enabled and guarded (external VIN -> VOUT)
[16:59:08] STEP    Average RX power and loss - SF12, BW 125 kHz - 60 s/power level - attempt 1
[16:59:08] COMMAND $ "C:\Users\Alexandru\Desktop\module radio\ESP32-C3_Radio\power_profiler\.venv\Scripts\python.exe" -u -m radio_power_profiler continuous --module RADIO_RA01H_SX1276 --direction rx --powers=2,10,20 --frame-bytes 64 --gap-ms 15 --duration-s 60 --radio-port COM29 --ppk-port COM11 --voltage-mv 3300 --output "C:\Users\Alexandru\Desktop\module radio\ESP32-C3_Radio\power_profiler\web_sessions\20260719_164707_continuous_rx_radio_ra01h_sx1276\continuous" --keep-power-on --axis spreading_factor=12 --axis bandwidth_khz=125 --transmitter-port COM30 --save-raw
[16:59:08] INFO    PPK2: COM11, mode=ampere, input voltage=3300 mV
[16:59:08] INFO    Continuous RX: 60 s per power, parameters={'spreading_factor': 12, 'bandwidth_khz': 125}, 64 B frames, 15 ms gap
[17:00:26] INFO    ERROR: Radio serial transmission did not finish in time
[17:00:26] INFO    PPK2 current path enabled and guarded (external VIN -> VOUT)
[17:00:26] ERROR   Average RX power and loss - SF12, BW 125 kHz - 60 s/power level: Process exited with code 2
[17:00:26] WARNING Cooling before retry: 10 s
[17:00:36] STEP    Average RX power and loss - SF12, BW 125 kHz - 60 s/power level - attempt 2
[17:00:36] COMMAND $ "C:\Users\Alexandru\Desktop\module radio\ESP32-C3_Radio\power_profiler\.venv\Scripts\python.exe" -u -m radio_power_profiler continuous --module RADIO_RA01H_SX1276 --direction rx --powers=2,10,20 --frame-bytes 64 --gap-ms 15 --duration-s 60 --radio-port COM29 --ppk-port COM11 --voltage-mv 3300 --output "C:\Users\Alexandru\Desktop\module radio\ESP32-C3_Radio\power_profiler\web_sessions\20260719_164707_continuous_rx_radio_ra01h_sx1276\continuous" --keep-power-on --axis spreading_factor=12 --axis bandwidth_khz=125 --transmitter-port COM30 --save-raw
[17:00:37] INFO    PPK2: COM11, mode=ampere, input voltage=3300 mV
[17:00:37] INFO    Continuous RX: 60 s per power, parameters={'spreading_factor': 12, 'bandwidth_khz': 125}, 64 B frames, 15 ms gap
[17:01:34] WARNING Stop requested by user
[17:01:35] INFO    PPK2 current path enabled and guarded (external VIN -> VOUT)
[17:01:35] FINISH  Test stopped; completed results were preserved
[17:02:42] WARNING PPK2 current-path guard released for an external diagnostic; VIN -> VOUT remains enabled
[17:02:52] WARNING PPK2 current-path guard released for an external diagnostic; VIN -> VOUT remains enabled
[17:02:52] WARNING Could not keep the PPK2 current path enabled automatically: could not open port 'COM11': PermissionError(13, 'Access is denied.', None, 5)
[17:09:00] INFO    PPK2 current path enabled and guarded (external VIN -> VOUT)
[17:10:22] WARNING PPK2 current-path guard released for an external diagnostic; VIN -> VOUT remains enabled
[17:10:42] WARNING PPK2 current-path guard released for an external diagnostic; VIN -> VOUT remains enabled
[17:11:11] WARNING Could not keep the PPK2 current path enabled automatically: could not open port 'COM11': PermissionError(13, 'Access is denied.', None, 5)
[17:12:41] INFO    PPK2 current path enabled and guarded (external VIN -> VOUT)
