[15:43:36] START   Quick session: 4 steps - RADIO_RA01H_SX1276
[15:43:36] STEP    Fast TX, physical frame - attempt 1
[15:43:36] COMMAND $ "C:\Users\Alexandru\Desktop\module radio\ESP32-C3_Radio\power_profiler\.venv\Scripts\python.exe" -u -m radio_power_profiler run --module RADIO_RA01H_SX1276 --direction tx --radio-port COM29 --ppk-port COM11 --voltage-mv 3300 --sizes 8 --repetitions 2 --cooldown-s 2 --keep-power-on --axis tx_power_dbm=20 --axis spreading_factor=7 --axis bandwidth_khz=125 --output "C:\Users\Alexandru\Desktop\module radio\ESP32-C3_Radio\power_profiler\web_sessions\20260719_154336_quick_radio_ra01h_sx1276\packet_results" --receiver-port COM30 --save-raw
[15:43:36] INFO    PPK2: COM11, mode=ampere, input voltage=3300 mV
[15:43:36] INFO    Measured transmitter: COM29, 115200 baud
[15:43:36] INFO    Peer receiver: COM30, 115200 baud
[15:43:44] INFO    Configuring measured transmitter (Ai-Thinker RA-01H (SX1276)) on COM29 ...
[15:43:46] INFO    Configuring peer receiver on COM30 ...
[15:43:51] INFO    [   1/2] TX    8 B, {'tx_power_dbm': 20, 'spreading_factor': 7, 'bandwidth_khz': 125}, rep 1: ok, peak=121705.6 uA, energy=16651.542 uJ
[15:43:55] INFO    [   2/2] TX    8 B, {'tx_power_dbm': 20, 'spreading_factor': 7, 'bandwidth_khz': 125}, rep 2: ok, peak=120191.5 uA, energy=16587.861 uJ
[15:43:55] INFO    Results: C:\Users\Alexandru\Desktop\module radio\ESP32-C3_Radio\power_profiler\web_sessions\20260719_154336_quick_radio_ra01h_sx1276\packet_results\20260719_154336_radio_ra01h_sx1276
[15:43:56] INFO    PPK2 current path enabled and guarded (external VIN -> VOUT)
[15:43:56] STEP    Fast RX, physical frame - attempt 1
[15:43:56] COMMAND $ "C:\Users\Alexandru\Desktop\module radio\ESP32-C3_Radio\power_profiler\.venv\Scripts\python.exe" -u -m radio_power_profiler run --module RADIO_RA01H_SX1276 --direction rx --radio-port COM29 --ppk-port COM11 --voltage-mv 3300 --sizes 8 --repetitions 2 --cooldown-s 2 --keep-power-on --axis tx_power_dbm=20 --axis spreading_factor=7 --axis bandwidth_khz=125 --output "C:\Users\Alexandru\Desktop\module radio\ESP32-C3_Radio\power_profiler\web_sessions\20260719_154336_quick_radio_ra01h_sx1276\packet_results" --transmitter-port COM30 --save-raw
[15:43:56] INFO    PPK2: COM11, mode=ampere, input voltage=3300 mV
[15:43:56] INFO    Measured receiver: COM29, 115200 baud
[15:43:56] INFO    Peer transmitter: COM30, 115200 baud
[15:44:03] INFO    Configuring measured receiver (Ai-Thinker RA-01H (SX1276)) on COM29 ...
[15:44:09] INFO    Configuring peer transmitter on COM30 ...
[15:44:16] INFO    [   1/2] RX    8 B, {'tx_power_dbm': 20, 'spreading_factor': 7, 'bandwidth_khz': 125}, rep 1: ok, peak=12602.9 uA, energy=1560.065 uJ
[15:44:22] INFO    [   2/2] RX    8 B, {'tx_power_dbm': 20, 'spreading_factor': 7, 'bandwidth_khz': 125}, rep 2: ok, peak=12464.2 uA, energy=1560.060 uJ
[15:44:22] INFO    Results: C:\Users\Alexandru\Desktop\module radio\ESP32-C3_Radio\power_profiler\web_sessions\20260719_154336_quick_radio_ra01h_sx1276\packet_results\20260719_154356_radio_ra01h_sx1276_rx
[15:44:23] INFO    PPK2 current path enabled and guarded (external VIN -> VOUT)
[15:44:23] STEP    Slow TX, fragmented transfer - attempt 1
[15:44:23] COMMAND $ "C:\Users\Alexandru\Desktop\module radio\ESP32-C3_Radio\power_profiler\.venv\Scripts\python.exe" -u -m radio_power_profiler run --module RADIO_RA01H_SX1276 --direction tx --radio-port COM29 --ppk-port COM11 --voltage-mv 3300 --sizes 32 --repetitions 2 --cooldown-s 2 --keep-power-on --axis tx_power_dbm=2 --axis spreading_factor=12 --axis bandwidth_khz=125 --output "C:\Users\Alexandru\Desktop\module radio\ESP32-C3_Radio\power_profiler\web_sessions\20260719_154336_quick_radio_ra01h_sx1276\packet_results" --receiver-port COM30 --save-raw
[15:44:23] INFO    PPK2: COM11, mode=ampere, input voltage=3300 mV
[15:44:23] INFO    Measured transmitter: COM29, 115200 baud
[15:44:23] INFO    Peer receiver: COM30, 115200 baud
[15:44:30] INFO    Configuring measured transmitter (Ai-Thinker RA-01H (SX1276)) on COM29 ...
[15:44:36] INFO    Configuring peer receiver on COM30 ...
[15:44:46] INFO    [   1/2] TX   32 B, {'tx_power_dbm': 2, 'spreading_factor': 12, 'bandwidth_khz': 125}, rep 1: ok, peak=51710.1 uA, energy=336033.791 uJ
[15:44:55] INFO    [   2/2] TX   32 B, {'tx_power_dbm': 2, 'spreading_factor': 12, 'bandwidth_khz': 125}, rep 2: ok, peak=51710.1 uA, energy=336030.071 uJ
[15:44:55] INFO    Results: C:\Users\Alexandru\Desktop\module radio\ESP32-C3_Radio\power_profiler\web_sessions\20260719_154336_quick_radio_ra01h_sx1276\packet_results\20260719_154423_radio_ra01h_sx1276
[15:44:56] INFO    PPK2 current path enabled and guarded (external VIN -> VOUT)
[15:44:56] STEP    Slow RX, fragmented transfer - attempt 1
[15:44:56] COMMAND $ "C:\Users\Alexandru\Desktop\module radio\ESP32-C3_Radio\power_profiler\.venv\Scripts\python.exe" -u -m radio_power_profiler run --module RADIO_RA01H_SX1276 --direction rx --radio-port COM29 --ppk-port COM11 --voltage-mv 3300 --sizes 32 --repetitions 2 --cooldown-s 2 --keep-power-on --axis tx_power_dbm=2 --axis spreading_factor=12 --axis bandwidth_khz=125 --output "C:\Users\Alexandru\Desktop\module radio\ESP32-C3_Radio\power_profiler\web_sessions\20260719_154336_quick_radio_ra01h_sx1276\packet_results" --transmitter-port COM30 --save-raw
[15:44:56] INFO    PPK2: COM11, mode=ampere, input voltage=3300 mV
[15:44:56] INFO    Measured receiver: COM29, 115200 baud
[15:44:56] INFO    Peer transmitter: COM30, 115200 baud
[15:45:04] INFO    Configuring measured receiver (Ai-Thinker RA-01H (SX1276)) on COM29 ...
[15:45:10] INFO    Configuring peer transmitter on COM30 ...
[15:45:22] INFO    [   1/2] RX   32 B, {'tx_power_dbm': 2, 'spreading_factor': 12, 'bandwidth_khz': 125}, rep 1: ok, peak=12602.9 uA, energy=73247.766 uJ
[15:45:32] INFO    [   2/2] RX   32 B, {'tx_power_dbm': 2, 'spreading_factor': 12, 'bandwidth_khz': 125}, rep 2: ok, peak=12602.9 uA, energy=73246.311 uJ
[15:45:32] INFO    Results: C:\Users\Alexandru\Desktop\module radio\ESP32-C3_Radio\power_profiler\web_sessions\20260719_154336_quick_radio_ra01h_sx1276\packet_results\20260719_154456_radio_ra01h_sx1276_rx
[15:45:33] INFO    PPK2 current path enabled and guarded (external VIN -> VOUT)
[15:45:33] FINISH  Test completed successfully
