[08:08:12] START   Quick session: 4 steps - RADIO_EBYTE_E280_SX1280
[08:08:12] STEP    Fast TX, physical frame - attempt 1
[08:08:12] COMMAND $ "C:\Users\Alexandru\Desktop\module radio\ESP32-C3_Radio\power_profiler\.venv\Scripts\python.exe" -u -m radio_power_profiler run --module RADIO_EBYTE_E280_SX1280 --direction tx --radio-port COM45 --ppk-port COM11 --voltage-mv 3300 --sizes 8 --repetitions 2 --cooldown-s 2 --keep-power-on --axis tx_power_dbm=12 --axis air_rate=2M --output "C:\Users\Alexandru\Desktop\module radio\ESP32-C3_Radio\power_profiler\web_sessions\20260720_080812_quick_radio_ebyte_e280_sx1280\packet_results" --receiver-port COM46 --save-raw
[08:08:12] INFO    PPK2: COM11, mode=ampere, input voltage=3300 mV
[08:08:12] INFO    Measured transmitter: COM45, 115200 baud
[08:08:12] INFO    Peer receiver: COM46, 115200 baud
[08:08:16] INFO    Configuring measured transmitter (Ebyte E280-2G4T12S UART (SX1280)) on COM45 ...
[08:08:19] INFO    Configuring peer receiver on COM46 ...
[08:08:27] INFO    [   1/2] TX    8 B, {'tx_power_dbm': 12, 'air_rate': '2M'}, rep 1: ok, peak=43001.4 uA, energy=25.796 uJ
[08:08:31] INFO    [   2/2] TX    8 B, {'tx_power_dbm': 12, 'air_rate': '2M'}, rep 2: ok, peak=44055.2 uA, energy=25.707 uJ
[08:08:31] INFO    Results: C:\Users\Alexandru\Desktop\module radio\ESP32-C3_Radio\power_profiler\web_sessions\20260720_080812_quick_radio_ebyte_e280_sx1280\packet_results\20260720_080812_radio_ebyte_e280_sx1280
[08:08:32] INFO    PPK2 current path enabled and guarded (external VIN -> VOUT)
[08:08:32] STEP    Fast RX, physical frame - attempt 1
[08:08:32] COMMAND $ "C:\Users\Alexandru\Desktop\module radio\ESP32-C3_Radio\power_profiler\.venv\Scripts\python.exe" -u -m radio_power_profiler run --module RADIO_EBYTE_E280_SX1280 --direction rx --radio-port COM45 --ppk-port COM11 --voltage-mv 3300 --sizes 8 --repetitions 2 --cooldown-s 2 --keep-power-on --axis tx_power_dbm=12 --axis air_rate=2M --output "C:\Users\Alexandru\Desktop\module radio\ESP32-C3_Radio\power_profiler\web_sessions\20260720_080812_quick_radio_ebyte_e280_sx1280\packet_results" --transmitter-port COM46 --save-raw
[08:08:32] INFO    PPK2: COM11, mode=ampere, input voltage=3300 mV
[08:08:32] INFO    Measured receiver: COM45, 115200 baud
[08:08:32] INFO    Peer transmitter: COM46, 115200 baud
[08:08:39] INFO    Configuring measured receiver (Ebyte E280-2G4T12S UART (SX1280)) on COM45 ...
[08:08:41] INFO    ERROR: AT+FIXED=OFF: #ERROR
[08:08:41] INFO    PPK2 current path enabled and guarded (external VIN -> VOUT)
[08:08:41] ERROR   Fast RX, physical frame: Process exited with code 2
[08:08:41] WARNING Cooling before retry: 10 s
[08:08:51] STEP    Fast RX, physical frame - attempt 2
[08:08:51] COMMAND $ "C:\Users\Alexandru\Desktop\module radio\ESP32-C3_Radio\power_profiler\.venv\Scripts\python.exe" -u -m radio_power_profiler run --module RADIO_EBYTE_E280_SX1280 --direction rx --radio-port COM45 --ppk-port COM11 --voltage-mv 3300 --sizes 8 --repetitions 2 --cooldown-s 2 --keep-power-on --axis tx_power_dbm=12 --axis air_rate=2M --output "C:\Users\Alexandru\Desktop\module radio\ESP32-C3_Radio\power_profiler\web_sessions\20260720_080812_quick_radio_ebyte_e280_sx1280\packet_results" --transmitter-port COM46 --save-raw
[08:08:52] INFO    PPK2: COM11, mode=ampere, input voltage=3300 mV
[08:08:52] INFO    Measured receiver: COM45, 115200 baud
[08:08:52] INFO    Peer transmitter: COM46, 115200 baud
[08:08:59] INFO    Configuring measured receiver (Ebyte E280-2G4T12S UART (SX1280)) on COM45 ...
[08:09:06] INFO    Configuring peer transmitter on COM46 ...
[08:09:15] INFO    [   1/2] RX    8 B, {'tx_power_dbm': 12, 'air_rate': '2M'}, rep 1: ok, peak=23273.2 uA, energy=591.693 uJ
[08:09:18] INFO    [   2/2] RX    8 B, {'tx_power_dbm': 12, 'air_rate': '2M'}, rep 2: ok, peak=20905.1 uA, energy=589.239 uJ
[08:09:18] INFO    Results: C:\Users\Alexandru\Desktop\module radio\ESP32-C3_Radio\power_profiler\web_sessions\20260720_080812_quick_radio_ebyte_e280_sx1280\packet_results\20260720_080852_radio_ebyte_e280_sx1280_rx
[08:09:19] INFO    PPK2 current path enabled and guarded (external VIN -> VOUT)
[08:09:19] STEP    Slow TX, fragmented transfer - attempt 1
[08:09:19] COMMAND $ "C:\Users\Alexandru\Desktop\module radio\ESP32-C3_Radio\power_profiler\.venv\Scripts\python.exe" -u -m radio_power_profiler run --module RADIO_EBYTE_E280_SX1280 --direction tx --radio-port COM45 --ppk-port COM11 --voltage-mv 3300 --sizes 32 --repetitions 2 --cooldown-s 2 --keep-power-on --axis tx_power_dbm=4 --axis air_rate=1K --output "C:\Users\Alexandru\Desktop\module radio\ESP32-C3_Radio\power_profiler\web_sessions\20260720_080812_quick_radio_ebyte_e280_sx1280\packet_results" --receiver-port COM46 --save-raw
[08:09:19] INFO    PPK2: COM11, mode=ampere, input voltage=3300 mV
[08:09:19] INFO    Measured transmitter: COM45, 115200 baud
[08:09:19] INFO    Peer receiver: COM46, 115200 baud
[08:09:27] INFO    Configuring measured transmitter (Ebyte E280-2G4T12S UART (SX1280)) on COM45 ...
[08:09:34] INFO    Configuring peer receiver on COM46 ...
[08:09:42] INFO    [   1/2] TX   32 B, {'tx_power_dbm': 4, 'air_rate': '1K'}, rep 1: ok, peak=29525.8 uA, energy=44049.275 uJ
[08:09:46] INFO    [   2/2] TX   32 B, {'tx_power_dbm': 4, 'air_rate': '1K'}, rep 2: ok, peak=29625.6 uA, energy=44100.728 uJ
[08:09:46] INFO    Results: C:\Users\Alexandru\Desktop\module radio\ESP32-C3_Radio\power_profiler\web_sessions\20260720_080812_quick_radio_ebyte_e280_sx1280\packet_results\20260720_080919_radio_ebyte_e280_sx1280
[08:09:47] INFO    PPK2 current path enabled and guarded (external VIN -> VOUT)
[08:09:47] STEP    Slow RX, fragmented transfer - attempt 1
[08:09:47] COMMAND $ "C:\Users\Alexandru\Desktop\module radio\ESP32-C3_Radio\power_profiler\.venv\Scripts\python.exe" -u -m radio_power_profiler run --module RADIO_EBYTE_E280_SX1280 --direction rx --radio-port COM45 --ppk-port COM11 --voltage-mv 3300 --sizes 32 --repetitions 2 --cooldown-s 2 --keep-power-on --axis tx_power_dbm=4 --axis air_rate=1K --output "C:\Users\Alexandru\Desktop\module radio\ESP32-C3_Radio\power_profiler\web_sessions\20260720_080812_quick_radio_ebyte_e280_sx1280\packet_results" --transmitter-port COM46 --save-raw
[08:09:47] INFO    PPK2: COM11, mode=ampere, input voltage=3300 mV
[08:09:47] INFO    Measured receiver: COM45, 115200 baud
[08:09:47] INFO    Peer transmitter: COM46, 115200 baud
[08:09:55] INFO    Configuring measured receiver (Ebyte E280-2G4T12S UART (SX1280)) on COM45 ...
[08:10:02] INFO    Configuring peer transmitter on COM46 ...
[08:10:10] INFO    [   1/2] RX   32 B, {'tx_power_dbm': 4, 'air_rate': '1K'}, rep 1: ok, peak=23564.9 uA, energy=21075.528 uJ
[08:10:15] INFO    [   2/2] RX   32 B, {'tx_power_dbm': 4, 'air_rate': '1K'}, rep 2: ok, peak=23710.8 uA, energy=21028.099 uJ
[08:10:15] INFO    Results: C:\Users\Alexandru\Desktop\module radio\ESP32-C3_Radio\power_profiler\web_sessions\20260720_080812_quick_radio_ebyte_e280_sx1280\packet_results\20260720_080947_radio_ebyte_e280_sx1280_rx
[08:10:15] INFO    PPK2 current path enabled and guarded (external VIN -> VOUT)
[08:10:15] FINISH  Test completed successfully
