[06:36:22] START   Campaign session: 40 steps - RADIO_NRF24L01_PA
[06:36:22] STEP    TX 8 B - -18 dBm - 250 kbps - attempt 1
[06:36:22] COMMAND $ "C:\Users\Alexandru\Desktop\module radio\ESP32-C3_Radio\power_profiler\.venv\Scripts\python.exe" -u -m radio_power_profiler run --module RADIO_NRF24L01_PA --direction tx --radio-port COM43 --ppk-port COM11 --voltage-mv 3300 --sizes 8 --repetitions 5 --cooldown-s 2 --keep-power-on --axis tx_power_dbm=-18 --axis data_rate_kbps=250 --output "C:\Users\Alexandru\Desktop\module radio\ESP32-C3_Radio\power_profiler\web_sessions\20260720_063622_campaign_radio_nrf24l01_pa\packet_tx" --receiver-port COM44 --save-raw
[06:36:22] INFO    PPK2: COM11, mode=ampere, input voltage=3300 mV
[06:36:22] INFO    Measured transmitter: COM43, 9600 baud
[06:36:22] INFO    Peer receiver: COM44, 9600 baud
[06:36:26] INFO    Configuring measured transmitter (nRF24L01+PA) on COM43 ...
[06:36:29] INFO    Configuring peer receiver on COM44 ...
[06:36:34] INFO    [   1/5] TX    8 B, {'tx_power_dbm': -18, 'data_rate_kbps': 250}, rep 1: ok, peak=34260.5 uA, energy=69.160 uJ
[06:36:37] INFO    [   2/5] TX    8 B, {'tx_power_dbm': -18, 'data_rate_kbps': 250}, rep 2: ok, peak=33346.8 uA, energy=68.535 uJ
[06:36:40] INFO    [   3/5] TX    8 B, {'tx_power_dbm': -18, 'data_rate_kbps': 250}, rep 3: ok, peak=33397.5 uA, energy=68.713 uJ
[06:36:43] INFO    [   4/5] TX    8 B, {'tx_power_dbm': -18, 'data_rate_kbps': 250}, rep 4: ok, peak=33397.5 uA, energy=71.376 uJ
[06:36:46] INFO    [   5/5] TX    8 B, {'tx_power_dbm': -18, 'data_rate_kbps': 250}, rep 5: ok, peak=33043.0 uA, energy=71.404 uJ
[06:36:47] INFO    Results: C:\Users\Alexandru\Desktop\module radio\ESP32-C3_Radio\power_profiler\web_sessions\20260720_063622_campaign_radio_nrf24l01_pa\packet_tx\20260720_063622_radio_nrf24l01_pa
[06:36:47] INFO    PPK2 current path enabled and guarded (external VIN -> VOUT)
[06:36:47] STEP    TX 16 B - -18 dBm - 250 kbps - attempt 1
[06:36:47] COMMAND $ "C:\Users\Alexandru\Desktop\module radio\ESP32-C3_Radio\power_profiler\.venv\Scripts\python.exe" -u -m radio_power_profiler run --module RADIO_NRF24L01_PA --direction tx --radio-port COM43 --ppk-port COM11 --voltage-mv 3300 --sizes 16 --repetitions 5 --cooldown-s 2 --keep-power-on --axis tx_power_dbm=-18 --axis data_rate_kbps=250 --output "C:\Users\Alexandru\Desktop\module radio\ESP32-C3_Radio\power_profiler\web_sessions\20260720_063622_campaign_radio_nrf24l01_pa\packet_tx" --receiver-port COM44 --save-raw
[06:36:47] INFO    PPK2: COM11, mode=ampere, input voltage=3300 mV
[06:36:47] INFO    Measured transmitter: COM43, 9600 baud
[06:36:47] INFO    Peer receiver: COM44, 9600 baud
[06:36:55] INFO    Configuring measured transmitter (nRF24L01+PA) on COM43 ...
[06:37:01] INFO    Configuring peer receiver on COM44 ...
[06:37:07] INFO    [   1/5] TX   16 B, {'tx_power_dbm': -18, 'data_rate_kbps': 250}, rep 1: ok, peak=32992.4 uA, energy=94.000 uJ
[06:37:10] INFO    [   2/5] TX   16 B, {'tx_power_dbm': -18, 'data_rate_kbps': 250}, rep 2: ok, peak=34057.2 uA, energy=94.504 uJ
[06:37:13] INFO    [   3/5] TX   16 B, {'tx_power_dbm': -18, 'data_rate_kbps': 250}, rep 3: ok, peak=33043.0 uA, energy=93.353 uJ
[06:37:16] INFO    [   4/5] TX   16 B, {'tx_power_dbm': -18, 'data_rate_kbps': 250}, rep 4: ok, peak=33498.8 uA, energy=94.164 uJ
[06:37:19] INFO    [   5/5] TX   16 B, {'tx_power_dbm': -18, 'data_rate_kbps': 250}, rep 5: ok, peak=33600.3 uA, energy=93.414 uJ
[06:37:19] INFO    Results: C:\Users\Alexandru\Desktop\module radio\ESP32-C3_Radio\power_profiler\web_sessions\20260720_063622_campaign_radio_nrf24l01_pa\packet_tx\20260720_063647_radio_nrf24l01_pa
[06:37:20] INFO    PPK2 current path enabled and guarded (external VIN -> VOUT)
[06:37:20] STEP    TX 32 B - -18 dBm - 250 kbps - attempt 1
[06:37:20] COMMAND $ "C:\Users\Alexandru\Desktop\module radio\ESP32-C3_Radio\power_profiler\.venv\Scripts\python.exe" -u -m radio_power_profiler run --module RADIO_NRF24L01_PA --direction tx --radio-port COM43 --ppk-port COM11 --voltage-mv 3300 --sizes 32 --repetitions 5 --cooldown-s 2 --keep-power-on --axis tx_power_dbm=-18 --axis data_rate_kbps=250 --output "C:\Users\Alexandru\Desktop\module radio\ESP32-C3_Radio\power_profiler\web_sessions\20260720_063622_campaign_radio_nrf24l01_pa\packet_tx" --receiver-port COM44 --save-raw
[06:37:20] INFO    PPK2: COM11, mode=ampere, input voltage=3300 mV
[06:37:20] INFO    Measured transmitter: COM43, 9600 baud
[06:37:20] INFO    Peer receiver: COM44, 9600 baud
[06:37:27] INFO    Configuring measured transmitter (nRF24L01+PA) on COM43 ...
[06:37:34] INFO    Configuring peer receiver on COM44 ...
[06:37:39] INFO    [   1/5] TX   32 B, {'tx_power_dbm': -18, 'data_rate_kbps': 250}, rep 1: ok, peak=33600.3 uA, energy=145.394 uJ
[06:37:42] INFO    [   2/5] TX   32 B, {'tx_power_dbm': -18, 'data_rate_kbps': 250}, rep 2: ok, peak=33346.8 uA, energy=144.857 uJ
[06:37:45] INFO    [   3/5] TX   32 B, {'tx_power_dbm': -18, 'data_rate_kbps': 250}, rep 3: ok, peak=32941.8 uA, energy=144.459 uJ
[06:37:49] INFO    [   4/5] TX   32 B, {'tx_power_dbm': -18, 'data_rate_kbps': 250}, rep 4: ok, peak=33346.8 uA, energy=145.348 uJ
[06:37:52] INFO    [   5/5] TX   32 B, {'tx_power_dbm': -18, 'data_rate_kbps': 250}, rep 5: ok, peak=33651.0 uA, energy=144.139 uJ
[06:37:52] INFO    Results: C:\Users\Alexandru\Desktop\module radio\ESP32-C3_Radio\power_profiler\web_sessions\20260720_063622_campaign_radio_nrf24l01_pa\packet_tx\20260720_063720_radio_nrf24l01_pa
[06:37:52] INFO    PPK2 current path enabled and guarded (external VIN -> VOUT)
[06:37:52] STEP    TX 8 B - -18 dBm - 1000 kbps - attempt 1
[06:37:52] COMMAND $ "C:\Users\Alexandru\Desktop\module radio\ESP32-C3_Radio\power_profiler\.venv\Scripts\python.exe" -u -m radio_power_profiler run --module RADIO_NRF24L01_PA --direction tx --radio-port COM43 --ppk-port COM11 --voltage-mv 3300 --sizes 8 --repetitions 5 --cooldown-s 2 --keep-power-on --axis tx_power_dbm=-18 --axis data_rate_kbps=1000 --output "C:\Users\Alexandru\Desktop\module radio\ESP32-C3_Radio\power_profiler\web_sessions\20260720_063622_campaign_radio_nrf24l01_pa\packet_tx" --receiver-port COM44 --save-raw
[06:37:52] INFO    PPK2: COM11, mode=ampere, input voltage=3300 mV
[06:37:52] INFO    Measured transmitter: COM43, 9600 baud
[06:37:52] INFO    Peer receiver: COM44, 9600 baud
[06:38:00] INFO    Configuring measured transmitter (nRF24L01+PA) on COM43 ...
[06:38:07] INFO    Configuring peer receiver on COM44 ...
[06:38:12] INFO    [   1/5] TX    8 B, {'tx_power_dbm': -18, 'data_rate_kbps': 1000}, rep 1: ok, peak=35024.4 uA, energy=49.420 uJ
[06:38:15] INFO    [   2/5] TX    8 B, {'tx_power_dbm': -18, 'data_rate_kbps': 1000}, rep 2: ok, peak=34973.4 uA, energy=44.186 uJ
[06:38:18] INFO    [   3/5] TX    8 B, {'tx_power_dbm': -18, 'data_rate_kbps': 1000}, rep 3: ok, peak=32436.5 uA, energy=43.553 uJ
[06:38:21] INFO    [   4/5] TX    8 B, {'tx_power_dbm': -18, 'data_rate_kbps': 1000}, rep 4: ok, peak=33043.0 uA, energy=35.460 uJ
[06:38:24] INFO    [   5/5] TX    8 B, {'tx_power_dbm': -18, 'data_rate_kbps': 1000}, rep 5: ok, peak=33803.2 uA, energy=46.329 uJ
[06:38:24] INFO    Results: C:\Users\Alexandru\Desktop\module radio\ESP32-C3_Radio\power_profiler\web_sessions\20260720_063622_campaign_radio_nrf24l01_pa\packet_tx\20260720_063752_radio_nrf24l01_pa
[06:38:25] INFO    PPK2 current path enabled and guarded (external VIN -> VOUT)
[06:38:25] STEP    TX 16 B - -18 dBm - 1000 kbps - attempt 1
[06:38:25] COMMAND $ "C:\Users\Alexandru\Desktop\module radio\ESP32-C3_Radio\power_profiler\.venv\Scripts\python.exe" -u -m radio_power_profiler run --module RADIO_NRF24L01_PA --direction tx --radio-port COM43 --ppk-port COM11 --voltage-mv 3300 --sizes 16 --repetitions 5 --cooldown-s 2 --keep-power-on --axis tx_power_dbm=-18 --axis data_rate_kbps=1000 --output "C:\Users\Alexandru\Desktop\module radio\ESP32-C3_Radio\power_profiler\web_sessions\20260720_063622_campaign_radio_nrf24l01_pa\packet_tx" --receiver-port COM44 --save-raw
[06:38:25] INFO    PPK2: COM11, mode=ampere, input voltage=3300 mV
[06:38:25] INFO    Measured transmitter: COM43, 9600 baud
[06:38:25] INFO    Peer receiver: COM44, 9600 baud
[06:38:32] INFO    Configuring measured transmitter (nRF24L01+PA) on COM43 ...
[06:38:39] INFO    Configuring peer receiver on COM44 ...
[06:38:44] INFO    [   1/5] TX   16 B, {'tx_power_dbm': -18, 'data_rate_kbps': 1000}, rep 1: ok, peak=33397.5 uA, energy=33.664 uJ
[06:38:47] INFO    [   2/5] TX   16 B, {'tx_power_dbm': -18, 'data_rate_kbps': 1000}, rep 2: ok, peak=33955.5 uA, energy=33.690 uJ
[06:38:51] INFO    [   3/5] TX   16 B, {'tx_power_dbm': -18, 'data_rate_kbps': 1000}, rep 3: ok, peak=34260.5 uA, energy=37.706 uJ
[06:38:54] INFO    [   4/5] TX   16 B, {'tx_power_dbm': -18, 'data_rate_kbps': 1000}, rep 4: ok, peak=33498.8 uA, energy=52.828 uJ
[06:38:57] INFO    [   5/5] TX   16 B, {'tx_power_dbm': -18, 'data_rate_kbps': 1000}, rep 5: ok, peak=34667.6 uA, energy=46.123 uJ
[06:38:57] INFO    Results: C:\Users\Alexandru\Desktop\module radio\ESP32-C3_Radio\power_profiler\web_sessions\20260720_063622_campaign_radio_nrf24l01_pa\packet_tx\20260720_063825_radio_nrf24l01_pa
[06:38:57] INFO    PPK2 current path enabled and guarded (external VIN -> VOUT)
[06:38:57] STEP    TX 32 B - -18 dBm - 1000 kbps - attempt 1
[06:38:57] COMMAND $ "C:\Users\Alexandru\Desktop\module radio\ESP32-C3_Radio\power_profiler\.venv\Scripts\python.exe" -u -m radio_power_profiler run --module RADIO_NRF24L01_PA --direction tx --radio-port COM43 --ppk-port COM11 --voltage-mv 3300 --sizes 32 --repetitions 5 --cooldown-s 2 --keep-power-on --axis tx_power_dbm=-18 --axis data_rate_kbps=1000 --output "C:\Users\Alexandru\Desktop\module radio\ESP32-C3_Radio\power_profiler\web_sessions\20260720_063622_campaign_radio_nrf24l01_pa\packet_tx" --receiver-port COM44 --save-raw
[06:38:58] INFO    PPK2: COM11, mode=ampere, input voltage=3300 mV
[06:38:58] INFO    Measured transmitter: COM43, 9600 baud
[06:38:58] INFO    Peer receiver: COM44, 9600 baud
[06:39:05] INFO    Configuring measured transmitter (nRF24L01+PA) on COM43 ...
[06:39:12] INFO    Configuring peer receiver on COM44 ...
[06:39:17] INFO    [   1/5] TX   32 B, {'tx_power_dbm': -18, 'data_rate_kbps': 1000}, rep 1: ok, peak=34057.2 uA, energy=55.556 uJ
[06:39:20] INFO    [   2/5] TX   32 B, {'tx_power_dbm': -18, 'data_rate_kbps': 1000}, rep 2: ok, peak=33144.2 uA, energy=45.430 uJ
[06:39:23] INFO    [   3/5] TX   32 B, {'tx_power_dbm': -18, 'data_rate_kbps': 1000}, rep 3: ok, peak=33549.6 uA, energy=47.285 uJ
[06:39:26] INFO    [   4/5] TX   32 B, {'tx_power_dbm': -18, 'data_rate_kbps': 1000}, rep 4: ok, peak=33904.8 uA, energy=46.430 uJ
[06:39:29] INFO    [   5/5] TX   32 B, {'tx_power_dbm': -18, 'data_rate_kbps': 1000}, rep 5: ok, peak=34413.1 uA, energy=46.334 uJ
[06:39:29] INFO    Results: C:\Users\Alexandru\Desktop\module radio\ESP32-C3_Radio\power_profiler\web_sessions\20260720_063622_campaign_radio_nrf24l01_pa\packet_tx\20260720_063858_radio_nrf24l01_pa
[06:39:30] INFO    PPK2 current path enabled and guarded (external VIN -> VOUT)
[06:39:30] STEP    TX 8 B - -18 dBm - 2000 kbps - attempt 1
[06:39:30] COMMAND $ "C:\Users\Alexandru\Desktop\module radio\ESP32-C3_Radio\power_profiler\.venv\Scripts\python.exe" -u -m radio_power_profiler run --module RADIO_NRF24L01_PA --direction tx --radio-port COM43 --ppk-port COM11 --voltage-mv 3300 --sizes 8 --repetitions 5 --cooldown-s 2 --keep-power-on --axis tx_power_dbm=-18 --axis data_rate_kbps=2000 --output "C:\Users\Alexandru\Desktop\module radio\ESP32-C3_Radio\power_profiler\web_sessions\20260720_063622_campaign_radio_nrf24l01_pa\packet_tx" --receiver-port COM44 --save-raw
[06:39:30] INFO    PPK2: COM11, mode=ampere, input voltage=3300 mV
[06:39:30] INFO    Measured transmitter: COM43, 9600 baud
[06:39:30] INFO    Peer receiver: COM44, 9600 baud
[06:39:38] INFO    Configuring measured transmitter (nRF24L01+PA) on COM43 ...
[06:39:44] INFO    Configuring peer receiver on COM44 ...
[06:39:49] INFO    [   1/5] TX    8 B, {'tx_power_dbm': -18, 'data_rate_kbps': 2000}, rep 1: ok, peak=33245.5 uA, energy=40.104 uJ
[06:39:53] INFO    [   2/5] TX    8 B, {'tx_power_dbm': -18, 'data_rate_kbps': 2000}, rep 2: ok, peak=33144.2 uA, energy=31.503 uJ
[06:39:56] INFO    [   3/5] TX    8 B, {'tx_power_dbm': -18, 'data_rate_kbps': 2000}, rep 3: ok, peak=32386.0 uA, energy=21.315 uJ
[06:39:59] INFO    [   4/5] TX    8 B, {'tx_power_dbm': -18, 'data_rate_kbps': 2000}, rep 4: ok, peak=34413.1 uA, energy=33.374 uJ
[06:40:02] INFO    [   5/5] TX    8 B, {'tx_power_dbm': -18, 'data_rate_kbps': 2000}, rep 5: ok, peak=33346.8 uA, energy=45.600 uJ
[06:40:02] INFO    Results: C:\Users\Alexandru\Desktop\module radio\ESP32-C3_Radio\power_profiler\web_sessions\20260720_063622_campaign_radio_nrf24l01_pa\packet_tx\20260720_063930_radio_nrf24l01_pa
[06:40:03] INFO    PPK2 current path enabled and guarded (external VIN -> VOUT)
[06:40:03] STEP    TX 16 B - -18 dBm - 2000 kbps - attempt 1
[06:40:03] COMMAND $ "C:\Users\Alexandru\Desktop\module radio\ESP32-C3_Radio\power_profiler\.venv\Scripts\python.exe" -u -m radio_power_profiler run --module RADIO_NRF24L01_PA --direction tx --radio-port COM43 --ppk-port COM11 --voltage-mv 3300 --sizes 16 --repetitions 5 --cooldown-s 2 --keep-power-on --axis tx_power_dbm=-18 --axis data_rate_kbps=2000 --output "C:\Users\Alexandru\Desktop\module radio\ESP32-C3_Radio\power_profiler\web_sessions\20260720_063622_campaign_radio_nrf24l01_pa\packet_tx" --receiver-port COM44 --save-raw
[06:40:03] INFO    PPK2: COM11, mode=ampere, input voltage=3300 mV
[06:40:03] INFO    Measured transmitter: COM43, 9600 baud
[06:40:03] INFO    Peer receiver: COM44, 9600 baud
[06:40:10] INFO    Configuring measured transmitter (nRF24L01+PA) on COM43 ...
[06:40:17] INFO    Configuring peer receiver on COM44 ...
[06:40:22] INFO    [   1/5] TX   16 B, {'tx_power_dbm': -18, 'data_rate_kbps': 2000}, rep 1: ok, peak=33448.2 uA, energy=44.469 uJ
[06:40:25] INFO    [   2/5] TX   16 B, {'tx_power_dbm': -18, 'data_rate_kbps': 2000}, rep 2: ok, peak=32436.5 uA, energy=22.401 uJ
[06:40:28] INFO    [   3/5] TX   16 B, {'tx_power_dbm': -18, 'data_rate_kbps': 2000}, rep 3: ok, peak=33093.6 uA, energy=26.559 uJ
[06:40:31] INFO    [   4/5] TX   16 B, {'tx_power_dbm': -18, 'data_rate_kbps': 2000}, rep 4: ok, peak=33043.0 uA, energy=20.250 uJ
[06:40:35] INFO    [   5/5] TX   16 B, {'tx_power_dbm': -18, 'data_rate_kbps': 2000}, rep 5: ok, peak=34158.8 uA, energy=24.577 uJ
[06:40:35] INFO    Results: C:\Users\Alexandru\Desktop\module radio\ESP32-C3_Radio\power_profiler\web_sessions\20260720_063622_campaign_radio_nrf24l01_pa\packet_tx\20260720_064003_radio_nrf24l01_pa
[06:40:35] INFO    PPK2 current path enabled and guarded (external VIN -> VOUT)
[06:40:35] STEP    TX 32 B - -18 dBm - 2000 kbps - attempt 1
[06:40:35] COMMAND $ "C:\Users\Alexandru\Desktop\module radio\ESP32-C3_Radio\power_profiler\.venv\Scripts\python.exe" -u -m radio_power_profiler run --module RADIO_NRF24L01_PA --direction tx --radio-port COM43 --ppk-port COM11 --voltage-mv 3300 --sizes 32 --repetitions 5 --cooldown-s 2 --keep-power-on --axis tx_power_dbm=-18 --axis data_rate_kbps=2000 --output "C:\Users\Alexandru\Desktop\module radio\ESP32-C3_Radio\power_profiler\web_sessions\20260720_063622_campaign_radio_nrf24l01_pa\packet_tx" --receiver-port COM44 --save-raw
[06:40:35] INFO    PPK2: COM11, mode=ampere, input voltage=3300 mV
[06:40:35] INFO    Measured transmitter: COM43, 9600 baud
[06:40:35] INFO    Peer receiver: COM44, 9600 baud
[06:40:43] INFO    Configuring measured transmitter (nRF24L01+PA) on COM43 ...
[06:40:50] INFO    Configuring peer receiver on COM44 ...
[06:40:55] INFO    [   1/5] TX   32 B, {'tx_power_dbm': -18, 'data_rate_kbps': 2000}, rep 1: ok, peak=32790.1 uA, energy=32.333 uJ
[06:40:58] INFO    [   2/5] TX   32 B, {'tx_power_dbm': -18, 'data_rate_kbps': 2000}, rep 2: ok, peak=33144.2 uA, energy=29.799 uJ
[06:41:01] INFO    [   3/5] TX   32 B, {'tx_power_dbm': -18, 'data_rate_kbps': 2000}, rep 3: ok, peak=32083.3 uA, energy=28.897 uJ
[06:41:04] INFO    [   4/5] TX   32 B, {'tx_power_dbm': -18, 'data_rate_kbps': 2000}, rep 4: ok, peak=33701.7 uA, energy=43.918 uJ
[06:41:07] INFO    [   5/5] TX   32 B, {'tx_power_dbm': -18, 'data_rate_kbps': 2000}, rep 5: ok, peak=33194.8 uA, energy=36.025 uJ
[06:41:07] INFO    Results: C:\Users\Alexandru\Desktop\module radio\ESP32-C3_Radio\power_profiler\web_sessions\20260720_063622_campaign_radio_nrf24l01_pa\packet_tx\20260720_064035_radio_nrf24l01_pa
[06:41:08] INFO    PPK2 current path enabled and guarded (external VIN -> VOUT)
[06:41:08] STEP    TX 8 B - -6 dBm - 250 kbps - attempt 1
[06:41:08] COMMAND $ "C:\Users\Alexandru\Desktop\module radio\ESP32-C3_Radio\power_profiler\.venv\Scripts\python.exe" -u -m radio_power_profiler run --module RADIO_NRF24L01_PA --direction tx --radio-port COM43 --ppk-port COM11 --voltage-mv 3300 --sizes 8 --repetitions 5 --cooldown-s 2 --keep-power-on --axis tx_power_dbm=-6 --axis data_rate_kbps=250 --output "C:\Users\Alexandru\Desktop\module radio\ESP32-C3_Radio\power_profiler\web_sessions\20260720_063622_campaign_radio_nrf24l01_pa\packet_tx" --receiver-port COM44 --save-raw
[06:41:08] INFO    PPK2: COM11, mode=ampere, input voltage=3300 mV
[06:41:08] INFO    Measured transmitter: COM43, 9600 baud
[06:41:08] INFO    Peer receiver: COM44, 9600 baud
[06:41:15] INFO    Configuring measured transmitter (nRF24L01+PA) on COM43 ...
[06:41:22] INFO    Configuring peer receiver on COM44 ...
[06:41:27] INFO    [   1/5] TX    8 B, {'tx_power_dbm': -6, 'data_rate_kbps': 250}, rep 1: ok, peak=97522.1 uA, energy=165.914 uJ
[06:41:30] INFO    [   2/5] TX    8 B, {'tx_power_dbm': -6, 'data_rate_kbps': 250}, rep 2: ok, peak=98276.4 uA, energy=167.293 uJ
[06:41:33] INFO    [   3/5] TX    8 B, {'tx_power_dbm': -6, 'data_rate_kbps': 250}, rep 3: ok, peak=96013.6 uA, energy=169.627 uJ
[06:41:37] INFO    [   4/5] TX    8 B, {'tx_power_dbm': -6, 'data_rate_kbps': 250}, rep 4: rx_missing, peak=95259.5 uA, energy=162.420 uJ
[06:41:40] INFO    [   5/5] TX    8 B, {'tx_power_dbm': -6, 'data_rate_kbps': 250}, rep 5: rx_missing, peak=97522.1 uA, energy=165.070 uJ
[06:41:40] INFO    Results: C:\Users\Alexandru\Desktop\module radio\ESP32-C3_Radio\power_profiler\web_sessions\20260720_063622_campaign_radio_nrf24l01_pa\packet_tx\20260720_064108_radio_nrf24l01_pa
[06:41:40] INFO    PPK2 current path enabled and guarded (external VIN -> VOUT)
[06:41:40] WARNING TX 8 B - -6 dBm - 250 kbps: 2 transfers have missing packets or fragments
[06:41:40] STEP    TX 16 B - -6 dBm - 250 kbps - attempt 1
[06:41:40] COMMAND $ "C:\Users\Alexandru\Desktop\module radio\ESP32-C3_Radio\power_profiler\.venv\Scripts\python.exe" -u -m radio_power_profiler run --module RADIO_NRF24L01_PA --direction tx --radio-port COM43 --ppk-port COM11 --voltage-mv 3300 --sizes 16 --repetitions 5 --cooldown-s 2 --keep-power-on --axis tx_power_dbm=-6 --axis data_rate_kbps=250 --output "C:\Users\Alexandru\Desktop\module radio\ESP32-C3_Radio\power_profiler\web_sessions\20260720_063622_campaign_radio_nrf24l01_pa\packet_tx" --receiver-port COM44 --save-raw
[06:41:41] INFO    PPK2: COM11, mode=ampere, input voltage=3300 mV
[06:41:41] INFO    Measured transmitter: COM43, 9600 baud
[06:41:41] INFO    Peer receiver: COM44, 9600 baud
[06:41:48] INFO    Configuring measured transmitter (nRF24L01+PA) on COM43 ...
[06:41:55] INFO    Configuring peer receiver on COM44 ...
[06:42:00] INFO    [   1/5] TX   16 B, {'tx_power_dbm': -6, 'data_rate_kbps': 250}, rep 1: rx_missing, peak=99030.9 uA, energy=236.612 uJ
[06:42:03] INFO    [   2/5] TX   16 B, {'tx_power_dbm': -6, 'data_rate_kbps': 250}, rep 2: rx_missing, peak=95259.5 uA, energy=234.120 uJ
[06:42:06] INFO    [   3/5] TX   16 B, {'tx_power_dbm': -6, 'data_rate_kbps': 250}, rep 3: rx_missing, peak=97522.1 uA, energy=233.944 uJ
[06:42:09] INFO    [   4/5] TX   16 B, {'tx_power_dbm': -6, 'data_rate_kbps': 250}, rep 4: rx_missing, peak=95259.5 uA, energy=232.059 uJ
[06:42:12] INFO    [   5/5] TX   16 B, {'tx_power_dbm': -6, 'data_rate_kbps': 250}, rep 5: rx_missing, peak=96767.8 uA, energy=234.193 uJ
[06:42:12] INFO    Results: C:\Users\Alexandru\Desktop\module radio\ESP32-C3_Radio\power_profiler\web_sessions\20260720_063622_campaign_radio_nrf24l01_pa\packet_tx\20260720_064141_radio_nrf24l01_pa
[06:42:13] INFO    PPK2 current path enabled and guarded (external VIN -> VOUT)
[06:42:13] WARNING TX 16 B - -6 dBm - 250 kbps: 5 transfers have missing packets or fragments
[06:42:13] STEP    TX 32 B - -6 dBm - 250 kbps - attempt 1
[06:42:13] COMMAND $ "C:\Users\Alexandru\Desktop\module radio\ESP32-C3_Radio\power_profiler\.venv\Scripts\python.exe" -u -m radio_power_profiler run --module RADIO_NRF24L01_PA --direction tx --radio-port COM43 --ppk-port COM11 --voltage-mv 3300 --sizes 32 --repetitions 5 --cooldown-s 2 --keep-power-on --axis tx_power_dbm=-6 --axis data_rate_kbps=250 --output "C:\Users\Alexandru\Desktop\module radio\ESP32-C3_Radio\power_profiler\web_sessions\20260720_063622_campaign_radio_nrf24l01_pa\packet_tx" --receiver-port COM44 --save-raw
[06:42:13] INFO    PPK2: COM11, mode=ampere, input voltage=3300 mV
[06:42:13] INFO    Measured transmitter: COM43, 9600 baud
[06:42:13] INFO    Peer receiver: COM44, 9600 baud
[06:42:21] INFO    Configuring measured transmitter (nRF24L01+PA) on COM43 ...
[06:42:27] INFO    Configuring peer receiver on COM44 ...
[06:42:33] INFO    [   1/5] TX   32 B, {'tx_power_dbm': -6, 'data_rate_kbps': 250}, rep 1: rx_missing, peak=99030.9 uA, energy=370.298 uJ
[06:42:36] INFO    [   2/5] TX   32 B, {'tx_power_dbm': -6, 'data_rate_kbps': 250}, rep 2: rx_missing, peak=96767.8 uA, energy=370.694 uJ
[06:42:39] INFO    [   3/5] TX   32 B, {'tx_power_dbm': -6, 'data_rate_kbps': 250}, rep 3: rx_missing, peak=98276.4 uA, energy=368.446 uJ
[06:42:42] INFO    [   4/5] TX   32 B, {'tx_power_dbm': -6, 'data_rate_kbps': 250}, rep 4: rx_missing, peak=96013.6 uA, energy=370.347 uJ
[06:42:45] INFO    [   5/5] TX   32 B, {'tx_power_dbm': -6, 'data_rate_kbps': 250}, rep 5: rx_missing, peak=96013.6 uA, energy=371.871 uJ
[06:42:45] INFO    Results: C:\Users\Alexandru\Desktop\module radio\ESP32-C3_Radio\power_profiler\web_sessions\20260720_063622_campaign_radio_nrf24l01_pa\packet_tx\20260720_064213_radio_nrf24l01_pa
[06:42:46] INFO    PPK2 current path enabled and guarded (external VIN -> VOUT)
[06:42:46] WARNING TX 32 B - -6 dBm - 250 kbps: 5 transfers have missing packets or fragments
[06:42:46] STEP    TX 8 B - -6 dBm - 1000 kbps - attempt 1
[06:42:46] COMMAND $ "C:\Users\Alexandru\Desktop\module radio\ESP32-C3_Radio\power_profiler\.venv\Scripts\python.exe" -u -m radio_power_profiler run --module RADIO_NRF24L01_PA --direction tx --radio-port COM43 --ppk-port COM11 --voltage-mv 3300 --sizes 8 --repetitions 5 --cooldown-s 2 --keep-power-on --axis tx_power_dbm=-6 --axis data_rate_kbps=1000 --output "C:\Users\Alexandru\Desktop\module radio\ESP32-C3_Radio\power_profiler\web_sessions\20260720_063622_campaign_radio_nrf24l01_pa\packet_tx" --receiver-port COM44 --save-raw
[06:42:46] INFO    PPK2: COM11, mode=ampere, input voltage=3300 mV
[06:42:46] INFO    Measured transmitter: COM43, 9600 baud
[06:42:46] INFO    Peer receiver: COM44, 9600 baud
[06:42:53] INFO    Configuring measured transmitter (nRF24L01+PA) on COM43 ...
[06:43:00] INFO    Configuring peer receiver on COM44 ...
[06:43:05] INFO    [   1/5] TX    8 B, {'tx_power_dbm': -6, 'data_rate_kbps': 1000}, rep 1: ok, peak=96013.6 uA, energy=67.689 uJ
[06:43:08] INFO    [   2/5] TX    8 B, {'tx_power_dbm': -6, 'data_rate_kbps': 1000}, rep 2: ok, peak=96013.6 uA, energy=77.106 uJ
[06:43:11] INFO    [   3/5] TX    8 B, {'tx_power_dbm': -6, 'data_rate_kbps': 1000}, rep 3: ok, peak=99030.9 uA, energy=65.078 uJ
[06:43:15] INFO    [   4/5] TX    8 B, {'tx_power_dbm': -6, 'data_rate_kbps': 1000}, rep 4: ok, peak=96767.8 uA, energy=66.140 uJ
[06:43:18] INFO    [   5/5] TX    8 B, {'tx_power_dbm': -6, 'data_rate_kbps': 1000}, rep 5: ok, peak=97522.1 uA, energy=65.571 uJ
[06:43:18] INFO    Results: C:\Users\Alexandru\Desktop\module radio\ESP32-C3_Radio\power_profiler\web_sessions\20260720_063622_campaign_radio_nrf24l01_pa\packet_tx\20260720_064246_radio_nrf24l01_pa
[06:43:18] INFO    PPK2 current path enabled and guarded (external VIN -> VOUT)
[06:43:18] STEP    TX 16 B - -6 dBm - 1000 kbps - attempt 1
[06:43:18] COMMAND $ "C:\Users\Alexandru\Desktop\module radio\ESP32-C3_Radio\power_profiler\.venv\Scripts\python.exe" -u -m radio_power_profiler run --module RADIO_NRF24L01_PA --direction tx --radio-port COM43 --ppk-port COM11 --voltage-mv 3300 --sizes 16 --repetitions 5 --cooldown-s 2 --keep-power-on --axis tx_power_dbm=-6 --axis data_rate_kbps=1000 --output "C:\Users\Alexandru\Desktop\module radio\ESP32-C3_Radio\power_profiler\web_sessions\20260720_063622_campaign_radio_nrf24l01_pa\packet_tx" --receiver-port COM44 --save-raw
[06:43:19] INFO    PPK2: COM11, mode=ampere, input voltage=3300 mV
[06:43:19] INFO    Measured transmitter: COM43, 9600 baud
[06:43:19] INFO    Peer receiver: COM44, 9600 baud
[06:43:26] INFO    Configuring measured transmitter (nRF24L01+PA) on COM43 ...
[06:43:33] INFO    Configuring peer receiver on COM44 ...
[06:43:38] INFO    [   1/5] TX   16 B, {'tx_power_dbm': -6, 'data_rate_kbps': 1000}, rep 1: ok, peak=95259.5 uA, energy=81.471 uJ
[06:43:41] INFO    [   2/5] TX   16 B, {'tx_power_dbm': -6, 'data_rate_kbps': 1000}, rep 2: ok, peak=96013.6 uA, energy=81.656 uJ
[06:43:44] INFO    [   3/5] TX   16 B, {'tx_power_dbm': -6, 'data_rate_kbps': 1000}, rep 3: ok, peak=97522.1 uA, energy=75.420 uJ
[06:43:47] INFO    [   4/5] TX   16 B, {'tx_power_dbm': -6, 'data_rate_kbps': 1000}, rep 4: ok, peak=96013.6 uA, energy=86.472 uJ
[06:43:50] INFO    [   5/5] TX   16 B, {'tx_power_dbm': -6, 'data_rate_kbps': 1000}, rep 5: ok, peak=97522.1 uA, energy=89.628 uJ
[06:43:50] INFO    Results: C:\Users\Alexandru\Desktop\module radio\ESP32-C3_Radio\power_profiler\web_sessions\20260720_063622_campaign_radio_nrf24l01_pa\packet_tx\20260720_064319_radio_nrf24l01_pa
[06:43:51] INFO    PPK2 current path enabled and guarded (external VIN -> VOUT)
[06:43:51] STEP    TX 32 B - -6 dBm - 1000 kbps - attempt 1
[06:43:51] COMMAND $ "C:\Users\Alexandru\Desktop\module radio\ESP32-C3_Radio\power_profiler\.venv\Scripts\python.exe" -u -m radio_power_profiler run --module RADIO_NRF24L01_PA --direction tx --radio-port COM43 --ppk-port COM11 --voltage-mv 3300 --sizes 32 --repetitions 5 --cooldown-s 2 --keep-power-on --axis tx_power_dbm=-6 --axis data_rate_kbps=1000 --output "C:\Users\Alexandru\Desktop\module radio\ESP32-C3_Radio\power_profiler\web_sessions\20260720_063622_campaign_radio_nrf24l01_pa\packet_tx" --receiver-port COM44 --save-raw
[06:43:51] INFO    PPK2: COM11, mode=ampere, input voltage=3300 mV
[06:43:51] INFO    Measured transmitter: COM43, 9600 baud
[06:43:51] INFO    Peer receiver: COM44, 9600 baud
[06:43:59] INFO    Configuring measured transmitter (nRF24L01+PA) on COM43 ...
[06:44:05] INFO    Configuring peer receiver on COM44 ...
[06:44:10] INFO    [   1/5] TX   32 B, {'tx_power_dbm': -6, 'data_rate_kbps': 1000}, rep 1: ok, peak=98276.4 uA, energy=116.541 uJ
[06:44:14] INFO    [   2/5] TX   32 B, {'tx_power_dbm': -6, 'data_rate_kbps': 1000}, rep 2: ok, peak=96767.8 uA, energy=116.701 uJ
[06:44:17] INFO    [   3/5] TX   32 B, {'tx_power_dbm': -6, 'data_rate_kbps': 1000}, rep 3: rx_missing, peak=93751.5 uA, energy=102.810 uJ
[06:44:20] INFO    [   4/5] TX   32 B, {'tx_power_dbm': -6, 'data_rate_kbps': 1000}, rep 4: ok, peak=96767.8 uA, energy=116.921 uJ
[06:44:23] INFO    [   5/5] TX   32 B, {'tx_power_dbm': -6, 'data_rate_kbps': 1000}, rep 5: ok, peak=97522.1 uA, energy=114.947 uJ
[06:44:23] INFO    Results: C:\Users\Alexandru\Desktop\module radio\ESP32-C3_Radio\power_profiler\web_sessions\20260720_063622_campaign_radio_nrf24l01_pa\packet_tx\20260720_064351_radio_nrf24l01_pa
[06:44:24] INFO    PPK2 current path enabled and guarded (external VIN -> VOUT)
[06:44:24] WARNING TX 32 B - -6 dBm - 1000 kbps: 1 transfers have missing packets or fragments
[06:44:24] STEP    TX 8 B - -6 dBm - 2000 kbps - attempt 1
[06:44:24] COMMAND $ "C:\Users\Alexandru\Desktop\module radio\ESP32-C3_Radio\power_profiler\.venv\Scripts\python.exe" -u -m radio_power_profiler run --module RADIO_NRF24L01_PA --direction tx --radio-port COM43 --ppk-port COM11 --voltage-mv 3300 --sizes 8 --repetitions 5 --cooldown-s 2 --keep-power-on --axis tx_power_dbm=-6 --axis data_rate_kbps=2000 --output "C:\Users\Alexandru\Desktop\module radio\ESP32-C3_Radio\power_profiler\web_sessions\20260720_063622_campaign_radio_nrf24l01_pa\packet_tx" --receiver-port COM44 --save-raw
[06:44:24] INFO    PPK2: COM11, mode=ampere, input voltage=3300 mV
[06:44:24] INFO    Measured transmitter: COM43, 9600 baud
[06:44:24] INFO    Peer receiver: COM44, 9600 baud
[06:44:39] INFO    ERROR: Unable to synchronize AT firmware on COM43: Timeout waiting for OK after 'AT': no response
[06:44:40] INFO    PPK2 current path enabled and guarded (external VIN -> VOUT)
[06:44:40] ERROR   TX 8 B - -6 dBm - 2000 kbps: Process exited with code 2
[06:44:40] WARNING Cooling before retry: 10 s
[06:44:50] STEP    TX 8 B - -6 dBm - 2000 kbps - attempt 2
[06:44:50] COMMAND $ "C:\Users\Alexandru\Desktop\module radio\ESP32-C3_Radio\power_profiler\.venv\Scripts\python.exe" -u -m radio_power_profiler run --module RADIO_NRF24L01_PA --direction tx --radio-port COM43 --ppk-port COM11 --voltage-mv 3300 --sizes 8 --repetitions 5 --cooldown-s 2 --keep-power-on --axis tx_power_dbm=-6 --axis data_rate_kbps=2000 --output "C:\Users\Alexandru\Desktop\module radio\ESP32-C3_Radio\power_profiler\web_sessions\20260720_063622_campaign_radio_nrf24l01_pa\packet_tx" --receiver-port COM44 --save-raw
[06:44:50] INFO    PPK2: COM11, mode=ampere, input voltage=3300 mV
[06:44:50] INFO    Measured transmitter: COM43, 9600 baud
[06:44:50] INFO    Peer receiver: COM44, 9600 baud
[06:44:57] INFO    Configuring measured transmitter (nRF24L01+PA) on COM43 ...
[06:45:04] INFO    Configuring peer receiver on COM44 ...
[06:45:09] INFO    [   1/5] TX    8 B, {'tx_power_dbm': -6, 'data_rate_kbps': 2000}, rep 1: ok, peak=86970.0 uA, energy=60.350 uJ
[06:45:12] INFO    [   2/5] TX    8 B, {'tx_power_dbm': -6, 'data_rate_kbps': 2000}, rep 2: ok, peak=85463.9 uA, energy=48.482 uJ
[06:45:15] INFO    [   3/5] TX    8 B, {'tx_power_dbm': -6, 'data_rate_kbps': 2000}, rep 3: ok, peak=90736.6 uA, energy=57.957 uJ
[06:45:18] INFO    [   4/5] TX    8 B, {'tx_power_dbm': -6, 'data_rate_kbps': 2000}, rep 4: ok, peak=86970.0 uA, energy=46.280 uJ
[06:45:22] INFO    [   5/5] TX    8 B, {'tx_power_dbm': -6, 'data_rate_kbps': 2000}, rep 5: ok, peak=84711.0 uA, energy=36.473 uJ
[06:45:22] INFO    Results: C:\Users\Alexandru\Desktop\module radio\ESP32-C3_Radio\power_profiler\web_sessions\20260720_063622_campaign_radio_nrf24l01_pa\packet_tx\20260720_064450_radio_nrf24l01_pa
[06:45:22] INFO    PPK2 current path enabled and guarded (external VIN -> VOUT)
[06:45:22] STEP    TX 16 B - -6 dBm - 2000 kbps - attempt 1
[06:45:22] COMMAND $ "C:\Users\Alexandru\Desktop\module radio\ESP32-C3_Radio\power_profiler\.venv\Scripts\python.exe" -u -m radio_power_profiler run --module RADIO_NRF24L01_PA --direction tx --radio-port COM43 --ppk-port COM11 --voltage-mv 3300 --sizes 16 --repetitions 5 --cooldown-s 2 --keep-power-on --axis tx_power_dbm=-6 --axis data_rate_kbps=2000 --output "C:\Users\Alexandru\Desktop\module radio\ESP32-C3_Radio\power_profiler\web_sessions\20260720_063622_campaign_radio_nrf24l01_pa\packet_tx" --receiver-port COM44 --save-raw
[06:45:23] INFO    PPK2: COM11, mode=ampere, input voltage=3300 mV
[06:45:23] INFO    Measured transmitter: COM43, 9600 baud
[06:45:23] INFO    Peer receiver: COM44, 9600 baud
[06:45:38] INFO    ERROR: Unable to synchronize AT firmware on COM43: Timeout waiting for OK after 'AT': no response
[06:45:38] INFO    PPK2 current path enabled and guarded (external VIN -> VOUT)
[06:45:38] ERROR   TX 16 B - -6 dBm - 2000 kbps: Process exited with code 2
[06:45:38] WARNING Cooling before retry: 10 s
[06:45:48] STEP    TX 16 B - -6 dBm - 2000 kbps - attempt 2
[06:45:48] COMMAND $ "C:\Users\Alexandru\Desktop\module radio\ESP32-C3_Radio\power_profiler\.venv\Scripts\python.exe" -u -m radio_power_profiler run --module RADIO_NRF24L01_PA --direction tx --radio-port COM43 --ppk-port COM11 --voltage-mv 3300 --sizes 16 --repetitions 5 --cooldown-s 2 --keep-power-on --axis tx_power_dbm=-6 --axis data_rate_kbps=2000 --output "C:\Users\Alexandru\Desktop\module radio\ESP32-C3_Radio\power_profiler\web_sessions\20260720_063622_campaign_radio_nrf24l01_pa\packet_tx" --receiver-port COM44 --save-raw
[06:45:48] INFO    PPK2: COM11, mode=ampere, input voltage=3300 mV
[06:45:48] INFO    Measured transmitter: COM43, 9600 baud
[06:45:48] INFO    Peer receiver: COM44, 9600 baud
[06:45:56] INFO    Configuring measured transmitter (nRF24L01+PA) on COM43 ...
[06:46:02] INFO    Configuring peer receiver on COM44 ...
[06:46:08] INFO    [   1/5] TX   16 B, {'tx_power_dbm': -6, 'data_rate_kbps': 2000}, rep 1: ok, peak=94505.4 uA, energy=50.101 uJ
[06:46:11] INFO    [   2/5] TX   16 B, {'tx_power_dbm': -6, 'data_rate_kbps': 2000}, rep 2: ok, peak=96013.6 uA, energy=60.667 uJ
[06:46:14] INFO    [   3/5] TX   16 B, {'tx_power_dbm': -6, 'data_rate_kbps': 2000}, rep 3: rx_missing, peak=98276.4 uA, energy=42.592 uJ
[06:46:17] INFO    [   4/5] TX   16 B, {'tx_power_dbm': -6, 'data_rate_kbps': 2000}, rep 4: ok, peak=98276.4 uA, energy=66.665 uJ
[06:46:20] INFO    [   5/5] TX   16 B, {'tx_power_dbm': -6, 'data_rate_kbps': 2000}, rep 5: rx_missing, peak=92997.6 uA, energy=39.666 uJ
[06:46:20] INFO    Results: C:\Users\Alexandru\Desktop\module radio\ESP32-C3_Radio\power_profiler\web_sessions\20260720_063622_campaign_radio_nrf24l01_pa\packet_tx\20260720_064548_radio_nrf24l01_pa
[06:46:21] INFO    PPK2 current path enabled and guarded (external VIN -> VOUT)
[06:46:21] WARNING TX 16 B - -6 dBm - 2000 kbps: 2 transfers have missing packets or fragments
[06:46:21] STEP    TX 32 B - -6 dBm - 2000 kbps - attempt 1
[06:46:21] COMMAND $ "C:\Users\Alexandru\Desktop\module radio\ESP32-C3_Radio\power_profiler\.venv\Scripts\python.exe" -u -m radio_power_profiler run --module RADIO_NRF24L01_PA --direction tx --radio-port COM43 --ppk-port COM11 --voltage-mv 3300 --sizes 32 --repetitions 5 --cooldown-s 2 --keep-power-on --axis tx_power_dbm=-6 --axis data_rate_kbps=2000 --output "C:\Users\Alexandru\Desktop\module radio\ESP32-C3_Radio\power_profiler\web_sessions\20260720_063622_campaign_radio_nrf24l01_pa\packet_tx" --receiver-port COM44 --save-raw
[06:46:21] INFO    PPK2: COM11, mode=ampere, input voltage=3300 mV
[06:46:21] INFO    Measured transmitter: COM43, 9600 baud
[06:46:21] INFO    Peer receiver: COM44, 9600 baud
[06:46:28] INFO    Configuring measured transmitter (nRF24L01+PA) on COM43 ...
[06:46:35] INFO    Configuring peer receiver on COM44 ...
[06:46:40] INFO    [   1/5] TX   32 B, {'tx_power_dbm': -6, 'data_rate_kbps': 2000}, rep 1: ok, peak=96767.8 uA, energy=81.002 uJ
[06:46:43] INFO    [   2/5] TX   32 B, {'tx_power_dbm': -6, 'data_rate_kbps': 2000}, rep 2: ok, peak=93751.5 uA, energy=63.255 uJ
[06:46:46] INFO    [   3/5] TX   32 B, {'tx_power_dbm': -6, 'data_rate_kbps': 2000}, rep 3: ok, peak=97522.1 uA, energy=66.864 uJ
[06:46:49] INFO    [   4/5] TX   32 B, {'tx_power_dbm': -6, 'data_rate_kbps': 2000}, rep 4: ok, peak=98276.4 uA, energy=75.265 uJ
[06:46:53] INFO    [   5/5] TX   32 B, {'tx_power_dbm': -6, 'data_rate_kbps': 2000}, rep 5: ok, peak=99785.5 uA, energy=72.260 uJ
[06:46:53] INFO    Results: C:\Users\Alexandru\Desktop\module radio\ESP32-C3_Radio\power_profiler\web_sessions\20260720_063622_campaign_radio_nrf24l01_pa\packet_tx\20260720_064621_radio_nrf24l01_pa
[06:46:53] INFO    PPK2 current path enabled and guarded (external VIN -> VOUT)
[06:46:53] STEP    TX 8 B - 0 dBm - 250 kbps - attempt 1
[06:46:53] COMMAND $ "C:\Users\Alexandru\Desktop\module radio\ESP32-C3_Radio\power_profiler\.venv\Scripts\python.exe" -u -m radio_power_profiler run --module RADIO_NRF24L01_PA --direction tx --radio-port COM43 --ppk-port COM11 --voltage-mv 3300 --sizes 8 --repetitions 5 --cooldown-s 2 --keep-power-on --axis tx_power_dbm=0 --axis data_rate_kbps=250 --output "C:\Users\Alexandru\Desktop\module radio\ESP32-C3_Radio\power_profiler\web_sessions\20260720_063622_campaign_radio_nrf24l01_pa\packet_tx" --receiver-port COM44 --save-raw
[06:46:53] INFO    PPK2: COM11, mode=ampere, input voltage=3300 mV
[06:46:53] INFO    Measured transmitter: COM43, 9600 baud
[06:46:53] INFO    Peer receiver: COM44, 9600 baud
[06:47:01] INFO    Configuring measured transmitter (nRF24L01+PA) on COM43 ...
[06:47:08] INFO    Configuring peer receiver on COM44 ...
[06:47:13] INFO    [   1/5] TX    8 B, {'tx_power_dbm': 0, 'data_rate_kbps': 250}, rep 1: ok, peak=135348.2 uA, energy=242.058 uJ
[06:47:16] INFO    [   2/5] TX    8 B, {'tx_power_dbm': 0, 'data_rate_kbps': 250}, rep 2: ok, peak=132314.1 uA, energy=244.359 uJ
[06:47:19] INFO    [   3/5] TX    8 B, {'tx_power_dbm': 0, 'data_rate_kbps': 250}, rep 3: rx_missing, peak=132314.1 uA, energy=237.507 uJ
[06:47:22] INFO    [   4/5] TX    8 B, {'tx_power_dbm': 0, 'data_rate_kbps': 250}, rep 4: rx_missing, peak=133831.0 uA, energy=238.195 uJ
[06:47:25] INFO    [   5/5] TX    8 B, {'tx_power_dbm': 0, 'data_rate_kbps': 250}, rep 5: ok, peak=133072.5 uA, energy=241.667 uJ
[06:47:25] INFO    Results: C:\Users\Alexandru\Desktop\module radio\ESP32-C3_Radio\power_profiler\web_sessions\20260720_063622_campaign_radio_nrf24l01_pa\packet_tx\20260720_064653_radio_nrf24l01_pa
[06:47:26] INFO    PPK2 current path enabled and guarded (external VIN -> VOUT)
[06:47:26] WARNING TX 8 B - 0 dBm - 250 kbps: 2 transfers have missing packets or fragments
[06:47:26] STEP    TX 16 B - 0 dBm - 250 kbps - attempt 1
[06:47:26] COMMAND $ "C:\Users\Alexandru\Desktop\module radio\ESP32-C3_Radio\power_profiler\.venv\Scripts\python.exe" -u -m radio_power_profiler run --module RADIO_NRF24L01_PA --direction tx --radio-port COM43 --ppk-port COM11 --voltage-mv 3300 --sizes 16 --repetitions 5 --cooldown-s 2 --keep-power-on --axis tx_power_dbm=0 --axis data_rate_kbps=250 --output "C:\Users\Alexandru\Desktop\module radio\ESP32-C3_Radio\power_profiler\web_sessions\20260720_063622_campaign_radio_nrf24l01_pa\packet_tx" --receiver-port COM44 --save-raw
[06:47:26] INFO    PPK2: COM11, mode=ampere, input voltage=3300 mV
[06:47:26] INFO    Measured transmitter: COM43, 9600 baud
[06:47:26] INFO    Peer receiver: COM44, 9600 baud
[06:47:34] INFO    Configuring measured transmitter (nRF24L01+PA) on COM43 ...
[06:47:40] INFO    Configuring peer receiver on COM44 ...
[06:47:45] INFO    [   1/5] TX   16 B, {'tx_power_dbm': 0, 'data_rate_kbps': 250}, rep 1: rx_missing, peak=133831.0 uA, energy=339.307 uJ
[06:47:49] INFO    [   2/5] TX   16 B, {'tx_power_dbm': 0, 'data_rate_kbps': 250}, rep 2: rx_missing, peak=132314.1 uA, energy=337.746 uJ
[06:47:52] INFO    [   3/5] TX   16 B, {'tx_power_dbm': 0, 'data_rate_kbps': 250}, rep 3: rx_missing, peak=132314.1 uA, energy=336.125 uJ
[06:47:55] INFO    [   4/5] TX   16 B, {'tx_power_dbm': 0, 'data_rate_kbps': 250}, rep 4: rx_missing, peak=133831.0 uA, energy=340.063 uJ
[06:47:58] INFO    [   5/5] TX   16 B, {'tx_power_dbm': 0, 'data_rate_kbps': 250}, rep 5: rx_missing, peak=136865.8 uA, energy=340.990 uJ
[06:47:58] INFO    Results: C:\Users\Alexandru\Desktop\module radio\ESP32-C3_Radio\power_profiler\web_sessions\20260720_063622_campaign_radio_nrf24l01_pa\packet_tx\20260720_064726_radio_nrf24l01_pa
[06:47:59] INFO    PPK2 current path enabled and guarded (external VIN -> VOUT)
[06:47:59] WARNING TX 16 B - 0 dBm - 250 kbps: 5 transfers have missing packets or fragments
[06:47:59] STEP    TX 32 B - 0 dBm - 250 kbps - attempt 1
[06:47:59] COMMAND $ "C:\Users\Alexandru\Desktop\module radio\ESP32-C3_Radio\power_profiler\.venv\Scripts\python.exe" -u -m radio_power_profiler run --module RADIO_NRF24L01_PA --direction tx --radio-port COM43 --ppk-port COM11 --voltage-mv 3300 --sizes 32 --repetitions 5 --cooldown-s 2 --keep-power-on --axis tx_power_dbm=0 --axis data_rate_kbps=250 --output "C:\Users\Alexandru\Desktop\module radio\ESP32-C3_Radio\power_profiler\web_sessions\20260720_063622_campaign_radio_nrf24l01_pa\packet_tx" --receiver-port COM44 --save-raw
[06:47:59] INFO    PPK2: COM11, mode=ampere, input voltage=3300 mV
[06:47:59] INFO    Measured transmitter: COM43, 9600 baud
[06:47:59] INFO    Peer receiver: COM44, 9600 baud
[06:48:06] INFO    Configuring measured transmitter (nRF24L01+PA) on COM43 ...
[06:48:13] INFO    Configuring peer receiver on COM44 ...
[06:48:18] INFO    [   1/5] TX   32 B, {'tx_power_dbm': 0, 'data_rate_kbps': 250}, rep 1: rx_missing, peak=136107.0 uA, energy=541.426 uJ
[06:48:21] INFO    [   2/5] TX   32 B, {'tx_power_dbm': 0, 'data_rate_kbps': 250}, rep 2: rx_missing, peak=131555.8 uA, energy=536.542 uJ
[06:48:24] INFO    [   3/5] TX   32 B, {'tx_power_dbm': 0, 'data_rate_kbps': 250}, rep 3: rx_missing, peak=131555.8 uA, energy=537.036 uJ
[06:48:27] INFO    [   4/5] TX   32 B, {'tx_power_dbm': 0, 'data_rate_kbps': 250}, rep 4: rx_missing, peak=133072.5 uA, energy=539.816 uJ
[06:48:31] INFO    [   5/5] TX   32 B, {'tx_power_dbm': 0, 'data_rate_kbps': 250}, rep 5: rx_missing, peak=131555.8 uA, energy=537.063 uJ
[06:48:31] INFO    Results: C:\Users\Alexandru\Desktop\module radio\ESP32-C3_Radio\power_profiler\web_sessions\20260720_063622_campaign_radio_nrf24l01_pa\packet_tx\20260720_064759_radio_nrf24l01_pa
[06:48:31] INFO    PPK2 current path enabled and guarded (external VIN -> VOUT)
[06:48:31] WARNING TX 32 B - 0 dBm - 250 kbps: 5 transfers have missing packets or fragments
[06:48:31] STEP    TX 8 B - 0 dBm - 1000 kbps - attempt 1
[06:48:31] COMMAND $ "C:\Users\Alexandru\Desktop\module radio\ESP32-C3_Radio\power_profiler\.venv\Scripts\python.exe" -u -m radio_power_profiler run --module RADIO_NRF24L01_PA --direction tx --radio-port COM43 --ppk-port COM11 --voltage-mv 3300 --sizes 8 --repetitions 5 --cooldown-s 2 --keep-power-on --axis tx_power_dbm=0 --axis data_rate_kbps=1000 --output "C:\Users\Alexandru\Desktop\module radio\ESP32-C3_Radio\power_profiler\web_sessions\20260720_063622_campaign_radio_nrf24l01_pa\packet_tx" --receiver-port COM44 --save-raw
[06:48:31] INFO    PPK2: COM11, mode=ampere, input voltage=3300 mV
[06:48:31] INFO    Measured transmitter: COM43, 9600 baud
[06:48:31] INFO    Peer receiver: COM44, 9600 baud
[06:48:39] INFO    Configuring measured transmitter (nRF24L01+PA) on COM43 ...
[06:48:46] INFO    Configuring peer receiver on COM44 ...
[06:48:51] INFO    [   1/5] TX    8 B, {'tx_power_dbm': 0, 'data_rate_kbps': 1000}, rep 1: rx_missing, peak=133072.5 uA, energy=89.287 uJ
[06:48:54] INFO    [   2/5] TX    8 B, {'tx_power_dbm': 0, 'data_rate_kbps': 1000}, rep 2: ok, peak=135348.2 uA, energy=81.031 uJ
[06:48:57] INFO    [   3/5] TX    8 B, {'tx_power_dbm': 0, 'data_rate_kbps': 1000}, rep 3: ok, peak=130797.5 uA, energy=84.054 uJ
[06:49:00] INFO    [   4/5] TX    8 B, {'tx_power_dbm': 0, 'data_rate_kbps': 1000}, rep 4: ok, peak=132314.1 uA, energy=89.367 uJ
[06:49:03] INFO    [   5/5] TX    8 B, {'tx_power_dbm': 0, 'data_rate_kbps': 1000}, rep 5: ok, peak=133072.5 uA, energy=78.194 uJ
[06:49:03] INFO    Results: C:\Users\Alexandru\Desktop\module radio\ESP32-C3_Radio\power_profiler\web_sessions\20260720_063622_campaign_radio_nrf24l01_pa\packet_tx\20260720_064831_radio_nrf24l01_pa
[06:49:04] INFO    PPK2 current path enabled and guarded (external VIN -> VOUT)
[06:49:04] WARNING TX 8 B - 0 dBm - 1000 kbps: 1 transfers have missing packets or fragments
[06:49:04] STEP    TX 16 B - 0 dBm - 1000 kbps - attempt 1
[06:49:04] COMMAND $ "C:\Users\Alexandru\Desktop\module radio\ESP32-C3_Radio\power_profiler\.venv\Scripts\python.exe" -u -m radio_power_profiler run --module RADIO_NRF24L01_PA --direction tx --radio-port COM43 --ppk-port COM11 --voltage-mv 3300 --sizes 16 --repetitions 5 --cooldown-s 2 --keep-power-on --axis tx_power_dbm=0 --axis data_rate_kbps=1000 --output "C:\Users\Alexandru\Desktop\module radio\ESP32-C3_Radio\power_profiler\web_sessions\20260720_063622_campaign_radio_nrf24l01_pa\packet_tx" --receiver-port COM44 --save-raw
[06:49:04] INFO    PPK2: COM11, mode=ampere, input voltage=3300 mV
[06:49:04] INFO    Measured transmitter: COM43, 9600 baud
[06:49:04] INFO    Peer receiver: COM44, 9600 baud
[06:49:12] INFO    Configuring measured transmitter (nRF24L01+PA) on COM43 ...
[06:49:18] INFO    Configuring peer receiver on COM44 ...
[06:49:23] INFO    [   1/5] TX   16 B, {'tx_power_dbm': 0, 'data_rate_kbps': 1000}, rep 1: ok, peak=132314.1 uA, energy=106.505 uJ
[06:49:27] INFO    [   2/5] TX   16 B, {'tx_power_dbm': 0, 'data_rate_kbps': 1000}, rep 2: rx_missing, peak=133072.5 uA, energy=99.423 uJ
[06:49:30] INFO    [   3/5] TX   16 B, {'tx_power_dbm': 0, 'data_rate_kbps': 1000}, rep 3: rx_missing, peak=132314.1 uA, energy=99.058 uJ
[06:49:33] INFO    [   4/5] TX   16 B, {'tx_power_dbm': 0, 'data_rate_kbps': 1000}, rep 4: ok, peak=133072.5 uA, energy=113.496 uJ
[06:49:36] INFO    [   5/5] TX   16 B, {'tx_power_dbm': 0, 'data_rate_kbps': 1000}, rep 5: rx_missing, peak=133072.5 uA, energy=99.653 uJ
[06:49:36] INFO    Results: C:\Users\Alexandru\Desktop\module radio\ESP32-C3_Radio\power_profiler\web_sessions\20260720_063622_campaign_radio_nrf24l01_pa\packet_tx\20260720_064904_radio_nrf24l01_pa
[06:49:37] INFO    PPK2 current path enabled and guarded (external VIN -> VOUT)
[06:49:37] WARNING TX 16 B - 0 dBm - 1000 kbps: 3 transfers have missing packets or fragments
[06:49:37] STEP    TX 32 B - 0 dBm - 1000 kbps - attempt 1
[06:49:37] COMMAND $ "C:\Users\Alexandru\Desktop\module radio\ESP32-C3_Radio\power_profiler\.venv\Scripts\python.exe" -u -m radio_power_profiler run --module RADIO_NRF24L01_PA --direction tx --radio-port COM43 --ppk-port COM11 --voltage-mv 3300 --sizes 32 --repetitions 5 --cooldown-s 2 --keep-power-on --axis tx_power_dbm=0 --axis data_rate_kbps=1000 --output "C:\Users\Alexandru\Desktop\module radio\ESP32-C3_Radio\power_profiler\web_sessions\20260720_063622_campaign_radio_nrf24l01_pa\packet_tx" --receiver-port COM44 --save-raw
[06:49:37] INFO    PPK2: COM11, mode=ampere, input voltage=3300 mV
[06:49:37] INFO    Measured transmitter: COM43, 9600 baud
[06:49:37] INFO    Peer receiver: COM44, 9600 baud
[06:49:44] INFO    Configuring measured transmitter (nRF24L01+PA) on COM43 ...
[06:49:51] INFO    Configuring peer receiver on COM44 ...
[06:49:56] INFO    [   1/5] TX   32 B, {'tx_power_dbm': 0, 'data_rate_kbps': 1000}, rep 1: ok, peak=135348.2 uA, energy=161.143 uJ
[06:49:59] INFO    [   2/5] TX   32 B, {'tx_power_dbm': 0, 'data_rate_kbps': 1000}, rep 2: ok, peak=133072.5 uA, energy=152.651 uJ
[06:50:02] INFO    [   3/5] TX   32 B, {'tx_power_dbm': 0, 'data_rate_kbps': 1000}, rep 3: ok, peak=133072.5 uA, energy=154.384 uJ
[06:50:05] INFO    [   4/5] TX   32 B, {'tx_power_dbm': 0, 'data_rate_kbps': 1000}, rep 4: ok, peak=135348.2 uA, energy=160.587 uJ
[06:50:09] INFO    [   5/5] TX   32 B, {'tx_power_dbm': 0, 'data_rate_kbps': 1000}, rep 5: ok, peak=133831.0 uA, energy=162.982 uJ
[06:50:09] INFO    Results: C:\Users\Alexandru\Desktop\module radio\ESP32-C3_Radio\power_profiler\web_sessions\20260720_063622_campaign_radio_nrf24l01_pa\packet_tx\20260720_064937_radio_nrf24l01_pa
[06:50:09] INFO    PPK2 current path enabled and guarded (external VIN -> VOUT)
[06:50:09] STEP    TX 8 B - 0 dBm - 2000 kbps - attempt 1
[06:50:09] COMMAND $ "C:\Users\Alexandru\Desktop\module radio\ESP32-C3_Radio\power_profiler\.venv\Scripts\python.exe" -u -m radio_power_profiler run --module RADIO_NRF24L01_PA --direction tx --radio-port COM43 --ppk-port COM11 --voltage-mv 3300 --sizes 8 --repetitions 5 --cooldown-s 2 --keep-power-on --axis tx_power_dbm=0 --axis data_rate_kbps=2000 --output "C:\Users\Alexandru\Desktop\module radio\ESP32-C3_Radio\power_profiler\web_sessions\20260720_063622_campaign_radio_nrf24l01_pa\packet_tx" --receiver-port COM44 --save-raw
[06:50:09] INFO    PPK2: COM11, mode=ampere, input voltage=3300 mV
[06:50:09] INFO    Measured transmitter: COM43, 9600 baud
[06:50:09] INFO    Peer receiver: COM44, 9600 baud
[06:50:17] INFO    Configuring measured transmitter (nRF24L01+PA) on COM43 ...
[06:50:24] INFO    Configuring peer receiver on COM44 ...
[06:50:29] INFO    [   1/5] TX    8 B, {'tx_power_dbm': 0, 'data_rate_kbps': 2000}, rep 1: ok, peak=133831.0 uA, energy=52.350 uJ
[06:50:32] INFO    [   2/5] TX    8 B, {'tx_power_dbm': 0, 'data_rate_kbps': 2000}, rep 2: ok, peak=127765.5 uA, energy=57.751 uJ
[06:50:35] INFO    [   3/5] TX    8 B, {'tx_power_dbm': 0, 'data_rate_kbps': 2000}, rep 3: rx_missing, peak=128523.4 uA, energy=46.715 uJ
[06:50:38] INFO    [   4/5] TX    8 B, {'tx_power_dbm': 0, 'data_rate_kbps': 2000}, rep 4: ok, peak=130039.4 uA, energy=45.600 uJ
[06:50:41] INFO    [   5/5] TX    8 B, {'tx_power_dbm': 0, 'data_rate_kbps': 2000}, rep 5: ok, peak=137624.7 uA, energy=45.553 uJ
[06:50:41] INFO    Results: C:\Users\Alexandru\Desktop\module radio\ESP32-C3_Radio\power_profiler\web_sessions\20260720_063622_campaign_radio_nrf24l01_pa\packet_tx\20260720_065009_radio_nrf24l01_pa
[06:50:42] INFO    PPK2 current path enabled and guarded (external VIN -> VOUT)
[06:50:42] WARNING TX 8 B - 0 dBm - 2000 kbps: 1 transfers have missing packets or fragments
[06:50:42] STEP    TX 16 B - 0 dBm - 2000 kbps - attempt 1
[06:50:42] COMMAND $ "C:\Users\Alexandru\Desktop\module radio\ESP32-C3_Radio\power_profiler\.venv\Scripts\python.exe" -u -m radio_power_profiler run --module RADIO_NRF24L01_PA --direction tx --radio-port COM43 --ppk-port COM11 --voltage-mv 3300 --sizes 16 --repetitions 5 --cooldown-s 2 --keep-power-on --axis tx_power_dbm=0 --axis data_rate_kbps=2000 --output "C:\Users\Alexandru\Desktop\module radio\ESP32-C3_Radio\power_profiler\web_sessions\20260720_063622_campaign_radio_nrf24l01_pa\packet_tx" --receiver-port COM44 --save-raw
[06:50:42] INFO    PPK2: COM11, mode=ampere, input voltage=3300 mV
[06:50:42] INFO    Measured transmitter: COM43, 9600 baud
[06:50:42] INFO    Peer receiver: COM44, 9600 baud
[06:50:49] INFO    Configuring measured transmitter (nRF24L01+PA) on COM43 ...
[06:50:56] INFO    Configuring peer receiver on COM44 ...
[06:51:01] INFO    [   1/5] TX   16 B, {'tx_power_dbm': 0, 'data_rate_kbps': 2000}, rep 1: rx_missing, peak=131555.8 uA, energy=59.820 uJ
[06:51:04] INFO    [   2/5] TX   16 B, {'tx_power_dbm': 0, 'data_rate_kbps': 2000}, rep 2: ok, peak=131555.8 uA, energy=66.163 uJ
[06:51:08] INFO    [   3/5] TX   16 B, {'tx_power_dbm': 0, 'data_rate_kbps': 2000}, rep 3: ok, peak=133072.5 uA, energy=69.859 uJ
[06:51:11] INFO    [   4/5] TX   16 B, {'tx_power_dbm': 0, 'data_rate_kbps': 2000}, rep 4: ok, peak=134589.5 uA, energy=69.076 uJ
[06:51:14] INFO    [   5/5] TX   16 B, {'tx_power_dbm': 0, 'data_rate_kbps': 2000}, rep 5: ok, peak=132314.1 uA, energy=64.735 uJ
[06:51:14] INFO    Results: C:\Users\Alexandru\Desktop\module radio\ESP32-C3_Radio\power_profiler\web_sessions\20260720_063622_campaign_radio_nrf24l01_pa\packet_tx\20260720_065042_radio_nrf24l01_pa
[06:51:14] INFO    PPK2 current path enabled and guarded (external VIN -> VOUT)
[06:51:14] WARNING TX 16 B - 0 dBm - 2000 kbps: 1 transfers have missing packets or fragments
[06:51:14] STEP    TX 32 B - 0 dBm - 2000 kbps - attempt 1
[06:51:14] COMMAND $ "C:\Users\Alexandru\Desktop\module radio\ESP32-C3_Radio\power_profiler\.venv\Scripts\python.exe" -u -m radio_power_profiler run --module RADIO_NRF24L01_PA --direction tx --radio-port COM43 --ppk-port COM11 --voltage-mv 3300 --sizes 32 --repetitions 5 --cooldown-s 2 --keep-power-on --axis tx_power_dbm=0 --axis data_rate_kbps=2000 --output "C:\Users\Alexandru\Desktop\module radio\ESP32-C3_Radio\power_profiler\web_sessions\20260720_063622_campaign_radio_nrf24l01_pa\packet_tx" --receiver-port COM44 --save-raw
[06:51:15] INFO    PPK2: COM11, mode=ampere, input voltage=3300 mV
[06:51:15] INFO    Measured transmitter: COM43, 9600 baud
[06:51:15] INFO    Peer receiver: COM44, 9600 baud
[06:51:22] INFO    Configuring measured transmitter (nRF24L01+PA) on COM43 ...
[06:51:29] INFO    Configuring peer receiver on COM44 ...
[06:51:34] INFO    [   1/5] TX   32 B, {'tx_power_dbm': 0, 'data_rate_kbps': 2000}, rep 1: rx_missing, peak=133072.5 uA, energy=86.338 uJ
[06:51:37] INFO    [   2/5] TX   32 B, {'tx_power_dbm': 0, 'data_rate_kbps': 2000}, rep 2: ok, peak=134589.5 uA, energy=103.162 uJ
[06:51:40] INFO    [   3/5] TX   32 B, {'tx_power_dbm': 0, 'data_rate_kbps': 2000}, rep 3: rx_missing, peak=133072.5 uA, energy=86.033 uJ
[06:51:43] INFO    [   4/5] TX   32 B, {'tx_power_dbm': 0, 'data_rate_kbps': 2000}, rep 4: ok, peak=133072.5 uA, energy=89.884 uJ
[06:51:46] INFO    [   5/5] TX   32 B, {'tx_power_dbm': 0, 'data_rate_kbps': 2000}, rep 5: ok, peak=133072.5 uA, energy=102.305 uJ
[06:51:46] INFO    Results: C:\Users\Alexandru\Desktop\module radio\ESP32-C3_Radio\power_profiler\web_sessions\20260720_063622_campaign_radio_nrf24l01_pa\packet_tx\20260720_065115_radio_nrf24l01_pa
[06:51:47] INFO    PPK2 current path enabled and guarded (external VIN -> VOUT)
[06:51:47] WARNING TX 32 B - 0 dBm - 2000 kbps: 2 transfers have missing packets or fragments
[06:51:47] STEP    RX 8 B - TX 0 dBm - 250 kbps - attempt 1
[06:51:47] COMMAND $ "C:\Users\Alexandru\Desktop\module radio\ESP32-C3_Radio\power_profiler\.venv\Scripts\python.exe" -u -m radio_power_profiler run --module RADIO_NRF24L01_PA --direction rx --radio-port COM43 --ppk-port COM11 --voltage-mv 3300 --sizes 8 --repetitions 5 --cooldown-s 2 --keep-power-on --axis tx_power_dbm=0 --axis data_rate_kbps=250 --output "C:\Users\Alexandru\Desktop\module radio\ESP32-C3_Radio\power_profiler\web_sessions\20260720_063622_campaign_radio_nrf24l01_pa\packet_rx" --transmitter-port COM44 --save-raw
[06:51:47] INFO    PPK2: COM11, mode=ampere, input voltage=3300 mV
[06:51:47] INFO    Measured receiver: COM43, 9600 baud
[06:51:47] INFO    Peer transmitter: COM44, 9600 baud
[06:51:55] INFO    Configuring measured receiver (nRF24L01+PA) on COM43 ...
[06:52:01] INFO    Configuring peer transmitter on COM44 ...
[06:52:07] INFO    [   1/5] RX    8 B, {'tx_power_dbm': 0, 'data_rate_kbps': 250}, rep 1: ok, peak=24003.0 uA, energy=121.622 uJ
[06:52:10] INFO    [   2/5] RX    8 B, {'tx_power_dbm': 0, 'data_rate_kbps': 250}, rep 2: ok, peak=24051.8 uA, energy=121.498 uJ
[06:52:14] INFO    [   3/5] RX    8 B, {'tx_power_dbm': 0, 'data_rate_kbps': 250}, rep 3: rx_missing, peak=23856.9 uA, energy=121.450 uJ
[06:52:17] INFO    [   4/5] RX    8 B, {'tx_power_dbm': 0, 'data_rate_kbps': 250}, rep 4: rx_missing, peak=24051.8 uA, energy=121.373 uJ
[06:52:21] INFO    [   5/5] RX    8 B, {'tx_power_dbm': 0, 'data_rate_kbps': 250}, rep 5: rx_missing, peak=24051.8 uA, energy=121.391 uJ
[06:52:21] INFO    Results: C:\Users\Alexandru\Desktop\module radio\ESP32-C3_Radio\power_profiler\web_sessions\20260720_063622_campaign_radio_nrf24l01_pa\packet_rx\20260720_065147_radio_nrf24l01_pa_rx
[06:52:22] INFO    PPK2 current path enabled and guarded (external VIN -> VOUT)
[06:52:22] WARNING RX 8 B - TX 0 dBm - 250 kbps: 3 transfers have missing packets or fragments
[06:52:22] STEP    RX 16 B - TX 0 dBm - 250 kbps - attempt 1
[06:52:22] COMMAND $ "C:\Users\Alexandru\Desktop\module radio\ESP32-C3_Radio\power_profiler\.venv\Scripts\python.exe" -u -m radio_power_profiler run --module RADIO_NRF24L01_PA --direction rx --radio-port COM43 --ppk-port COM11 --voltage-mv 3300 --sizes 16 --repetitions 5 --cooldown-s 2 --keep-power-on --axis tx_power_dbm=0 --axis data_rate_kbps=250 --output "C:\Users\Alexandru\Desktop\module radio\ESP32-C3_Radio\power_profiler\web_sessions\20260720_063622_campaign_radio_nrf24l01_pa\packet_rx" --transmitter-port COM44 --save-raw
[06:52:22] INFO    PPK2: COM11, mode=ampere, input voltage=3300 mV
[06:52:22] INFO    Measured receiver: COM43, 9600 baud
[06:52:22] INFO    Peer transmitter: COM44, 9600 baud
[06:52:29] INFO    Configuring measured receiver (nRF24L01+PA) on COM43 ...
[06:52:36] INFO    Configuring peer transmitter on COM44 ...
[06:52:41] INFO    [   1/5] RX   16 B, {'tx_power_dbm': 0, 'data_rate_kbps': 250}, rep 1: rx_missing, peak=24100.5 uA, energy=141.701 uJ
[06:52:45] INFO    [   2/5] RX   16 B, {'tx_power_dbm': 0, 'data_rate_kbps': 250}, rep 2: rx_missing, peak=24149.3 uA, energy=141.618 uJ
[06:52:49] INFO    [   3/5] RX   16 B, {'tx_power_dbm': 0, 'data_rate_kbps': 250}, rep 3: rx_missing, peak=23954.3 uA, energy=141.677 uJ
[06:52:52] INFO    [   4/5] RX   16 B, {'tx_power_dbm': 0, 'data_rate_kbps': 250}, rep 4: rx_missing, peak=24100.5 uA, energy=141.614 uJ
[06:52:56] INFO    [   5/5] RX   16 B, {'tx_power_dbm': 0, 'data_rate_kbps': 250}, rep 5: rx_missing, peak=24100.5 uA, energy=141.560 uJ
[06:52:56] INFO    Results: C:\Users\Alexandru\Desktop\module radio\ESP32-C3_Radio\power_profiler\web_sessions\20260720_063622_campaign_radio_nrf24l01_pa\packet_rx\20260720_065222_radio_nrf24l01_pa_rx
[06:52:56] INFO    PPK2 current path enabled and guarded (external VIN -> VOUT)
[06:52:56] WARNING RX 16 B - TX 0 dBm - 250 kbps: 5 transfers have missing packets or fragments
[06:52:56] STEP    RX 32 B - TX 0 dBm - 250 kbps - attempt 1
[06:52:56] COMMAND $ "C:\Users\Alexandru\Desktop\module radio\ESP32-C3_Radio\power_profiler\.venv\Scripts\python.exe" -u -m radio_power_profiler run --module RADIO_NRF24L01_PA --direction rx --radio-port COM43 --ppk-port COM11 --voltage-mv 3300 --sizes 32 --repetitions 5 --cooldown-s 2 --keep-power-on --axis tx_power_dbm=0 --axis data_rate_kbps=250 --output "C:\Users\Alexandru\Desktop\module radio\ESP32-C3_Radio\power_profiler\web_sessions\20260720_063622_campaign_radio_nrf24l01_pa\packet_rx" --transmitter-port COM44 --save-raw
[06:52:56] INFO    PPK2: COM11, mode=ampere, input voltage=3300 mV
[06:52:56] INFO    Measured receiver: COM43, 9600 baud
[06:52:56] INFO    Peer transmitter: COM44, 9600 baud
[06:53:04] INFO    Configuring measured receiver (nRF24L01+PA) on COM43 ...
[06:53:11] INFO    Configuring peer transmitter on COM44 ...
[06:53:16] INFO    [   1/5] RX   32 B, {'tx_power_dbm': 0, 'data_rate_kbps': 250}, rep 1: rx_missing, peak=24198.1 uA, energy=181.536 uJ
[06:53:19] INFO    [   2/5] RX   32 B, {'tx_power_dbm': 0, 'data_rate_kbps': 250}, rep 2: rx_missing, peak=24051.8 uA, energy=181.193 uJ
[06:53:23] INFO    [   3/5] RX   32 B, {'tx_power_dbm': 0, 'data_rate_kbps': 250}, rep 3: rx_missing, peak=23954.3 uA, energy=180.918 uJ
[06:53:27] INFO    [   4/5] RX   32 B, {'tx_power_dbm': 0, 'data_rate_kbps': 250}, rep 4: rx_missing, peak=24003.0 uA, energy=181.074 uJ
[06:53:30] INFO    [   5/5] RX   32 B, {'tx_power_dbm': 0, 'data_rate_kbps': 250}, rep 5: rx_missing, peak=24051.8 uA, energy=181.069 uJ
[06:53:30] INFO    Results: C:\Users\Alexandru\Desktop\module radio\ESP32-C3_Radio\power_profiler\web_sessions\20260720_063622_campaign_radio_nrf24l01_pa\packet_rx\20260720_065256_radio_nrf24l01_pa_rx
[06:53:31] INFO    PPK2 current path enabled and guarded (external VIN -> VOUT)
[06:53:31] WARNING RX 32 B - TX 0 dBm - 250 kbps: 5 transfers have missing packets or fragments
[06:53:31] STEP    RX 8 B - TX 0 dBm - 1000 kbps - attempt 1
[06:53:31] COMMAND $ "C:\Users\Alexandru\Desktop\module radio\ESP32-C3_Radio\power_profiler\.venv\Scripts\python.exe" -u -m radio_power_profiler run --module RADIO_NRF24L01_PA --direction rx --radio-port COM43 --ppk-port COM11 --voltage-mv 3300 --sizes 8 --repetitions 5 --cooldown-s 2 --keep-power-on --axis tx_power_dbm=0 --axis data_rate_kbps=1000 --output "C:\Users\Alexandru\Desktop\module radio\ESP32-C3_Radio\power_profiler\web_sessions\20260720_063622_campaign_radio_nrf24l01_pa\packet_rx" --transmitter-port COM44 --save-raw
[06:53:31] INFO    PPK2: COM11, mode=ampere, input voltage=3300 mV
[06:53:31] INFO    Measured receiver: COM43, 9600 baud
[06:53:31] INFO    Peer transmitter: COM44, 9600 baud
[06:53:38] INFO    Configuring measured receiver (nRF24L01+PA) on COM43 ...
[06:53:45] INFO    Configuring peer transmitter on COM44 ...
[06:53:50] INFO    [   1/5] RX    8 B, {'tx_power_dbm': 0, 'data_rate_kbps': 1000}, rep 1: rx_missing, peak=24588.6 uA, energy=90.283 uJ
[06:53:54] INFO    [   2/5] RX    8 B, {'tx_power_dbm': 0, 'data_rate_kbps': 1000}, rep 2: ok, peak=24784.1 uA, energy=90.318 uJ
[06:53:57] INFO    [   3/5] RX    8 B, {'tx_power_dbm': 0, 'data_rate_kbps': 1000}, rep 3: rx_missing, peak=24442.1 uA, energy=90.284 uJ
[06:54:01] INFO    [   4/5] RX    8 B, {'tx_power_dbm': 0, 'data_rate_kbps': 1000}, rep 4: ok, peak=24637.5 uA, energy=90.331 uJ
[06:54:04] INFO    [   5/5] RX    8 B, {'tx_power_dbm': 0, 'data_rate_kbps': 1000}, rep 5: ok, peak=24686.3 uA, energy=90.255 uJ
[06:54:04] INFO    Results: C:\Users\Alexandru\Desktop\module radio\ESP32-C3_Radio\power_profiler\web_sessions\20260720_063622_campaign_radio_nrf24l01_pa\packet_rx\20260720_065331_radio_nrf24l01_pa_rx
[06:54:05] INFO    PPK2 current path enabled and guarded (external VIN -> VOUT)
[06:54:05] WARNING RX 8 B - TX 0 dBm - 1000 kbps: 2 transfers have missing packets or fragments
[06:54:05] STEP    RX 16 B - TX 0 dBm - 1000 kbps - attempt 1
[06:54:05] COMMAND $ "C:\Users\Alexandru\Desktop\module radio\ESP32-C3_Radio\power_profiler\.venv\Scripts\python.exe" -u -m radio_power_profiler run --module RADIO_NRF24L01_PA --direction rx --radio-port COM43 --ppk-port COM11 --voltage-mv 3300 --sizes 16 --repetitions 5 --cooldown-s 2 --keep-power-on --axis tx_power_dbm=0 --axis data_rate_kbps=1000 --output "C:\Users\Alexandru\Desktop\module radio\ESP32-C3_Radio\power_profiler\web_sessions\20260720_063622_campaign_radio_nrf24l01_pa\packet_rx" --transmitter-port COM44 --save-raw
[06:54:05] INFO    PPK2: COM11, mode=ampere, input voltage=3300 mV
[06:54:05] INFO    Measured receiver: COM43, 9600 baud
[06:54:05] INFO    Peer transmitter: COM44, 9600 baud
[06:54:13] INFO    Configuring measured receiver (nRF24L01+PA) on COM43 ...
[06:54:19] INFO    Configuring peer transmitter on COM44 ...
[06:54:25] INFO    [   1/5] RX   16 B, {'tx_power_dbm': 0, 'data_rate_kbps': 1000}, rep 1: rx_missing, peak=24588.6 uA, energy=95.183 uJ
[06:54:28] INFO    [   2/5] RX   16 B, {'tx_power_dbm': 0, 'data_rate_kbps': 1000}, rep 2: rx_missing, peak=24637.5 uA, energy=95.120 uJ
[06:54:32] INFO    [   3/5] RX   16 B, {'tx_power_dbm': 0, 'data_rate_kbps': 1000}, rep 3: ok, peak=24490.9 uA, energy=95.075 uJ
[06:54:35] INFO    [   4/5] RX   16 B, {'tx_power_dbm': 0, 'data_rate_kbps': 1000}, rep 4: rx_missing, peak=24539.7 uA, energy=94.997 uJ
[06:54:39] INFO    [   5/5] RX   16 B, {'tx_power_dbm': 0, 'data_rate_kbps': 1000}, rep 5: ok, peak=24490.9 uA, energy=94.898 uJ
[06:54:39] INFO    Results: C:\Users\Alexandru\Desktop\module radio\ESP32-C3_Radio\power_profiler\web_sessions\20260720_063622_campaign_radio_nrf24l01_pa\packet_rx\20260720_065405_radio_nrf24l01_pa_rx
[06:54:39] INFO    PPK2 current path enabled and guarded (external VIN -> VOUT)
[06:54:39] WARNING RX 16 B - TX 0 dBm - 1000 kbps: 3 transfers have missing packets or fragments
[06:54:39] STEP    RX 32 B - TX 0 dBm - 1000 kbps - attempt 1
[06:54:39] COMMAND $ "C:\Users\Alexandru\Desktop\module radio\ESP32-C3_Radio\power_profiler\.venv\Scripts\python.exe" -u -m radio_power_profiler run --module RADIO_NRF24L01_PA --direction rx --radio-port COM43 --ppk-port COM11 --voltage-mv 3300 --sizes 32 --repetitions 5 --cooldown-s 2 --keep-power-on --axis tx_power_dbm=0 --axis data_rate_kbps=1000 --output "C:\Users\Alexandru\Desktop\module radio\ESP32-C3_Radio\power_profiler\web_sessions\20260720_063622_campaign_radio_nrf24l01_pa\packet_rx" --transmitter-port COM44 --save-raw
[06:54:40] INFO    PPK2: COM11, mode=ampere, input voltage=3300 mV
[06:54:40] INFO    Measured receiver: COM43, 9600 baud
[06:54:40] INFO    Peer transmitter: COM44, 9600 baud
[06:54:47] INFO    Configuring measured receiver (nRF24L01+PA) on COM43 ...
[06:54:54] INFO    Configuring peer transmitter on COM44 ...
[06:54:59] INFO    [   1/5] RX   32 B, {'tx_power_dbm': 0, 'data_rate_kbps': 1000}, rep 1: rx_missing, peak=24735.2 uA, energy=105.532 uJ
[06:55:03] INFO    [   2/5] RX   32 B, {'tx_power_dbm': 0, 'data_rate_kbps': 1000}, rep 2: rx_missing, peak=24588.6 uA, energy=105.356 uJ
[06:55:06] INFO    [   3/5] RX   32 B, {'tx_power_dbm': 0, 'data_rate_kbps': 1000}, rep 3: rx_missing, peak=24588.6 uA, energy=105.426 uJ
[06:55:10] INFO    [   4/5] RX   32 B, {'tx_power_dbm': 0, 'data_rate_kbps': 1000}, rep 4: rx_missing, peak=24637.5 uA, energy=105.283 uJ
[06:55:13] INFO    [   5/5] RX   32 B, {'tx_power_dbm': 0, 'data_rate_kbps': 1000}, rep 5: rx_missing, peak=24637.5 uA, energy=105.292 uJ
[06:55:13] INFO    Results: C:\Users\Alexandru\Desktop\module radio\ESP32-C3_Radio\power_profiler\web_sessions\20260720_063622_campaign_radio_nrf24l01_pa\packet_rx\20260720_065440_radio_nrf24l01_pa_rx
[06:55:14] INFO    PPK2 current path enabled and guarded (external VIN -> VOUT)
[06:55:14] WARNING RX 32 B - TX 0 dBm - 1000 kbps: 5 transfers have missing packets or fragments
[06:55:14] STEP    RX 8 B - TX 0 dBm - 2000 kbps - attempt 1
[06:55:14] COMMAND $ "C:\Users\Alexandru\Desktop\module radio\ESP32-C3_Radio\power_profiler\.venv\Scripts\python.exe" -u -m radio_power_profiler run --module RADIO_NRF24L01_PA --direction rx --radio-port COM43 --ppk-port COM11 --voltage-mv 3300 --sizes 8 --repetitions 5 --cooldown-s 2 --keep-power-on --axis tx_power_dbm=0 --axis data_rate_kbps=2000 --output "C:\Users\Alexandru\Desktop\module radio\ESP32-C3_Radio\power_profiler\web_sessions\20260720_063622_campaign_radio_nrf24l01_pa\packet_rx" --transmitter-port COM44 --save-raw
[06:55:14] INFO    PPK2: COM11, mode=ampere, input voltage=3300 mV
[06:55:14] INFO    Measured receiver: COM43, 9600 baud
[06:55:14] INFO    Peer transmitter: COM44, 9600 baud
[06:55:21] INFO    Configuring measured receiver (nRF24L01+PA) on COM43 ...
[06:55:28] INFO    Configuring peer transmitter on COM44 ...
[06:55:33] INFO    [   1/5] RX    8 B, {'tx_power_dbm': 0, 'data_rate_kbps': 2000}, rep 1: rx_missing, peak=25126.7 uA, energy=86.486 uJ
[06:55:37] INFO    [   2/5] RX    8 B, {'tx_power_dbm': 0, 'data_rate_kbps': 2000}, rep 2: ok, peak=25028.7 uA, energy=86.399 uJ
[06:55:41] INFO    [   3/5] RX    8 B, {'tx_power_dbm': 0, 'data_rate_kbps': 2000}, rep 3: ok, peak=24979.8 uA, energy=86.347 uJ
[06:55:44] INFO    [   4/5] RX    8 B, {'tx_power_dbm': 0, 'data_rate_kbps': 2000}, rep 4: rx_missing, peak=24979.8 uA, energy=86.380 uJ
[06:55:48] INFO    [   5/5] RX    8 B, {'tx_power_dbm': 0, 'data_rate_kbps': 2000}, rep 5: ok, peak=25028.7 uA, energy=86.286 uJ
[06:55:48] INFO    Results: C:\Users\Alexandru\Desktop\module radio\ESP32-C3_Radio\power_profiler\web_sessions\20260720_063622_campaign_radio_nrf24l01_pa\packet_rx\20260720_065514_radio_nrf24l01_pa_rx
[06:55:48] INFO    PPK2 current path enabled and guarded (external VIN -> VOUT)
[06:55:48] WARNING RX 8 B - TX 0 dBm - 2000 kbps: 2 transfers have missing packets or fragments
[06:55:48] STEP    RX 16 B - TX 0 dBm - 2000 kbps - attempt 1
[06:55:48] COMMAND $ "C:\Users\Alexandru\Desktop\module radio\ESP32-C3_Radio\power_profiler\.venv\Scripts\python.exe" -u -m radio_power_profiler run --module RADIO_NRF24L01_PA --direction rx --radio-port COM43 --ppk-port COM11 --voltage-mv 3300 --sizes 16 --repetitions 5 --cooldown-s 2 --keep-power-on --axis tx_power_dbm=0 --axis data_rate_kbps=2000 --output "C:\Users\Alexandru\Desktop\module radio\ESP32-C3_Radio\power_profiler\web_sessions\20260720_063622_campaign_radio_nrf24l01_pa\packet_rx" --transmitter-port COM44 --save-raw
[06:55:48] INFO    PPK2: COM11, mode=ampere, input voltage=3300 mV
[06:55:48] INFO    Measured receiver: COM43, 9600 baud
[06:55:48] INFO    Peer transmitter: COM44, 9600 baud
[06:55:56] INFO    Configuring measured receiver (nRF24L01+PA) on COM43 ...
[06:56:02] INFO    Configuring peer transmitter on COM44 ...
[06:56:08] INFO    [   1/5] RX   16 B, {'tx_power_dbm': 0, 'data_rate_kbps': 2000}, rep 1: ok, peak=25028.7 uA, energy=88.858 uJ
[06:56:11] INFO    [   2/5] RX   16 B, {'tx_power_dbm': 0, 'data_rate_kbps': 2000}, rep 2: rx_missing, peak=25077.7 uA, energy=86.794 uJ
[06:56:15] INFO    [   3/5] RX   16 B, {'tx_power_dbm': 0, 'data_rate_kbps': 2000}, rep 3: ok, peak=24979.8 uA, energy=88.785 uJ
[06:56:18] INFO    [   4/5] RX   16 B, {'tx_power_dbm': 0, 'data_rate_kbps': 2000}, rep 4: rx_missing, peak=25028.7 uA, energy=88.680 uJ
[06:56:22] INFO    [   5/5] RX   16 B, {'tx_power_dbm': 0, 'data_rate_kbps': 2000}, rep 5: ok, peak=24979.8 uA, energy=88.659 uJ
[06:56:22] INFO    Results: C:\Users\Alexandru\Desktop\module radio\ESP32-C3_Radio\power_profiler\web_sessions\20260720_063622_campaign_radio_nrf24l01_pa\packet_rx\20260720_065548_radio_nrf24l01_pa_rx
[06:56:23] INFO    PPK2 current path enabled and guarded (external VIN -> VOUT)
[06:56:23] WARNING RX 16 B - TX 0 dBm - 2000 kbps: 2 transfers have missing packets or fragments
[06:56:23] STEP    RX 32 B - TX 0 dBm - 2000 kbps - attempt 1
[06:56:23] COMMAND $ "C:\Users\Alexandru\Desktop\module radio\ESP32-C3_Radio\power_profiler\.venv\Scripts\python.exe" -u -m radio_power_profiler run --module RADIO_NRF24L01_PA --direction rx --radio-port COM43 --ppk-port COM11 --voltage-mv 3300 --sizes 32 --repetitions 5 --cooldown-s 2 --keep-power-on --axis tx_power_dbm=0 --axis data_rate_kbps=2000 --output "C:\Users\Alexandru\Desktop\module radio\ESP32-C3_Radio\power_profiler\web_sessions\20260720_063622_campaign_radio_nrf24l01_pa\packet_rx" --transmitter-port COM44 --save-raw
[06:56:23] INFO    PPK2: COM11, mode=ampere, input voltage=3300 mV
[06:56:23] INFO    Measured receiver: COM43, 9600 baud
[06:56:23] INFO    Peer transmitter: COM44, 9600 baud
[06:56:30] INFO    Configuring measured receiver (nRF24L01+PA) on COM43 ...
[06:56:37] INFO    Configuring peer transmitter on COM44 ...
[06:56:43] INFO    [   1/5] RX   32 B, {'tx_power_dbm': 0, 'data_rate_kbps': 2000}, rep 1: ok, peak=25028.7 uA, energy=93.609 uJ
[06:56:46] INFO    [   2/5] RX   32 B, {'tx_power_dbm': 0, 'data_rate_kbps': 2000}, rep 2: ok, peak=25175.6 uA, energy=93.649 uJ
[06:56:50] INFO    [   3/5] RX   32 B, {'tx_power_dbm': 0, 'data_rate_kbps': 2000}, rep 3: ok, peak=24979.8 uA, energy=93.682 uJ
[06:56:53] INFO    [   4/5] RX   32 B, {'tx_power_dbm': 0, 'data_rate_kbps': 2000}, rep 4: rx_missing, peak=25126.7 uA, energy=93.778 uJ
[06:56:57] INFO    [   5/5] RX   32 B, {'tx_power_dbm': 0, 'data_rate_kbps': 2000}, rep 5: rx_missing, peak=25077.7 uA, energy=93.575 uJ
[06:56:57] INFO    Results: C:\Users\Alexandru\Desktop\module radio\ESP32-C3_Radio\power_profiler\web_sessions\20260720_063622_campaign_radio_nrf24l01_pa\packet_rx\20260720_065623_radio_nrf24l01_pa_rx
[06:56:57] INFO    PPK2 current path enabled and guarded (external VIN -> VOUT)
[06:56:57] WARNING RX 32 B - TX 0 dBm - 2000 kbps: 2 transfers have missing packets or fragments
[06:56:57] STEP    Average TX power - 1000 kbps - 60 s/power level - attempt 1
[06:56:57] COMMAND $ "C:\Users\Alexandru\Desktop\module radio\ESP32-C3_Radio\power_profiler\.venv\Scripts\python.exe" -u -m radio_power_profiler continuous --module RADIO_NRF24L01_PA --direction tx --powers=-18,-6,0 --frame-bytes 32 --gap-ms 15 --duration-s 60 --radio-port COM43 --ppk-port COM11 --voltage-mv 3300 --output "C:\Users\Alexandru\Desktop\module radio\ESP32-C3_Radio\power_profiler\web_sessions\20260720_063622_campaign_radio_nrf24l01_pa\continuous" --keep-power-on --axis data_rate_kbps=1000 --save-raw
[06:56:58] INFO    PPK2: COM11, mode=ampere, input voltage=3300 mV
[06:56:58] INFO    Continuous TX: 60 s per power, parameters={'data_rate_kbps': 1000}, 32 B frames, 15 ms gap
[06:58:55] INFO    [1/3] TX -18 dBm: mean=0.846 mA, power=2.790 mW, status=ok
[07:00:43] INFO    [2/3] TX -6 dBm: mean=1.855 mA, power=6.121 mW, status=ok
[07:02:32] INFO    [3/3] TX 0 dBm: mean=2.721 mA, power=8.980 mW, status=ok
[07:02:33] INFO    Results: C:\Users\Alexandru\Desktop\module radio\ESP32-C3_Radio\power_profiler\web_sessions\20260720_063622_campaign_radio_nrf24l01_pa\continuous\20260720_065658_radio_nrf24l01_pa_continuous_tx
[07:02:33] INFO    PPK2 current path enabled and guarded (external VIN -> VOUT)
[07:02:33] STEP    Average RX power and loss - 250 kbps - 60 s/power level - attempt 1
[07:02:33] COMMAND $ "C:\Users\Alexandru\Desktop\module radio\ESP32-C3_Radio\power_profiler\.venv\Scripts\python.exe" -u -m radio_power_profiler continuous --module RADIO_NRF24L01_PA --direction rx --powers=-18,-6,0 --frame-bytes 32 --gap-ms 15 --duration-s 60 --radio-port COM43 --ppk-port COM11 --voltage-mv 3300 --output "C:\Users\Alexandru\Desktop\module radio\ESP32-C3_Radio\power_profiler\web_sessions\20260720_063622_campaign_radio_nrf24l01_pa\continuous" --keep-power-on --axis data_rate_kbps=250 --transmitter-port COM44 --save-raw
[07:02:34] INFO    PPK2: COM11, mode=ampere, input voltage=3300 mV
[07:02:34] INFO    Continuous RX: 60 s per power, parameters={'data_rate_kbps': 250}, 32 B frames, 15 ms gap
[07:04:42] INFO    [1/3] RX -18 dBm: mean=19.900 mA, power=65.670 mW, status=ok
[07:06:38] INFO    [2/3] RX -6 dBm: mean=23.495 mA, power=77.532 mW, status=no_rx_data
[07:08:33] INFO    [3/3] RX 0 dBm: mean=24.030 mA, power=79.300 mW, status=no_rx_data
[07:08:34] INFO    Results: C:\Users\Alexandru\Desktop\module radio\ESP32-C3_Radio\power_profiler\web_sessions\20260720_063622_campaign_radio_nrf24l01_pa\continuous\20260720_070234_radio_nrf24l01_pa_continuous_rx
[07:08:34] INFO    PPK2 current path enabled and guarded (external VIN -> VOUT)
[07:08:34] WARNING Average RX power and loss - 250 kbps - 60 s/power level: 2 continuous points received no frames (100% loss)
[07:08:34] STEP    Average RX power and loss - 1000 kbps - 60 s/power level - attempt 1
[07:08:35] COMMAND $ "C:\Users\Alexandru\Desktop\module radio\ESP32-C3_Radio\power_profiler\.venv\Scripts\python.exe" -u -m radio_power_profiler continuous --module RADIO_NRF24L01_PA --direction rx --powers=-18,-6,0 --frame-bytes 32 --gap-ms 15 --duration-s 60 --radio-port COM43 --ppk-port COM11 --voltage-mv 3300 --output "C:\Users\Alexandru\Desktop\module radio\ESP32-C3_Radio\power_profiler\web_sessions\20260720_063622_campaign_radio_nrf24l01_pa\continuous" --keep-power-on --axis data_rate_kbps=1000 --transmitter-port COM44 --save-raw
[07:08:35] INFO    PPK2: COM11, mode=ampere, input voltage=3300 mV
[07:08:35] INFO    Continuous RX: 60 s per power, parameters={'data_rate_kbps': 1000}, 32 B frames, 15 ms gap
[07:10:42] INFO    [1/3] RX -18 dBm: mean=20.227 mA, power=66.748 mW, status=ok
[07:12:36] INFO    [2/3] RX -6 dBm: mean=21.996 mA, power=72.588 mW, status=ok
[07:14:29] INFO    [3/3] RX 0 dBm: mean=22.212 mA, power=73.299 mW, status=ok
[07:14:29] INFO    Results: C:\Users\Alexandru\Desktop\module radio\ESP32-C3_Radio\power_profiler\web_sessions\20260720_063622_campaign_radio_nrf24l01_pa\continuous\20260720_070835_radio_nrf24l01_pa_continuous_rx
[07:14:30] INFO    PPK2 current path enabled and guarded (external VIN -> VOUT)
[07:14:30] STEP    Average RX power and loss - 2000 kbps - 60 s/power level - attempt 1
[07:14:30] COMMAND $ "C:\Users\Alexandru\Desktop\module radio\ESP32-C3_Radio\power_profiler\.venv\Scripts\python.exe" -u -m radio_power_profiler continuous --module RADIO_NRF24L01_PA --direction rx --powers=-18,-6,0 --frame-bytes 32 --gap-ms 15 --duration-s 60 --radio-port COM43 --ppk-port COM11 --voltage-mv 3300 --output "C:\Users\Alexandru\Desktop\module radio\ESP32-C3_Radio\power_profiler\web_sessions\20260720_063622_campaign_radio_nrf24l01_pa\continuous" --keep-power-on --axis data_rate_kbps=2000 --transmitter-port COM44 --save-raw
[07:14:30] INFO    PPK2: COM11, mode=ampere, input voltage=3300 mV
[07:14:30] INFO    Continuous RX: 60 s per power, parameters={'data_rate_kbps': 2000}, 32 B frames, 15 ms gap
[07:16:41] INFO    [1/3] RX -18 dBm: mean=20.596 mA, power=67.968 mW, status=ok
[07:18:36] INFO    [2/3] RX -6 dBm: mean=21.625 mA, power=71.361 mW, status=ok
[07:20:32] INFO    [3/3] RX 0 dBm: mean=21.701 mA, power=71.613 mW, status=ok
[07:20:33] INFO    Results: C:\Users\Alexandru\Desktop\module radio\ESP32-C3_Radio\power_profiler\web_sessions\20260720_063622_campaign_radio_nrf24l01_pa\continuous\20260720_071430_radio_nrf24l01_pa_continuous_rx
[07:20:33] INFO    PPK2 current path enabled and guarded (external VIN -> VOUT)
[07:20:33] FINISH  Test completed successfully
[07:24:47] WARNING PPK2 current-path guard released for an external diagnostic; VIN -> VOUT remains enabled
[07:26:38] INFO    PPK2 current path enabled and guarded (external VIN -> VOUT)
