[17:40:27] START   Quick session: 4 steps - RADIO_RA01SH_SX1262
[17:40:27] STEP    Fast TX, physical frame - attempt 1
[17:40:27] COMMAND $ "C:\Users\Alexandru\Desktop\module radio\ESP32-C3_Radio\power_profiler\.venv\Scripts\python.exe" -u -m radio_power_profiler run --module RADIO_RA01SH_SX1262 --direction tx --radio-port COM31 --ppk-port COM11 --voltage-mv 3300 --sizes 8 --repetitions 2 --cooldown-s 1 --keep-power-on --axis tx_power_dbm=22 --axis spreading_factor=7 --axis bandwidth_khz=125 --output "C:\Users\Alexandru\Desktop\module radio\ESP32-C3_Radio\power_profiler\web_sessions\20260719_174027_quick_radio_ra01sh_sx1262\packet_results" --receiver-port COM32 --save-raw
[17:40:27] INFO    PPK2: COM11, mode=ampere, input voltage=3300 mV
[17:40:27] INFO    Measured transmitter: COM31, 9600 baud
[17:40:27] INFO    Peer receiver: COM32, 9600 baud
[17:40:31] INFO    Configuring measured transmitter (Ai-Thinker RA-01SH (SX1262)) on COM31 ...
[17:40:33] INFO    Configuring peer receiver on COM32 ...
[17:40:38] INFO    [   1/2] TX    8 B, {'tx_power_dbm': 22, 'spreading_factor': 7, 'bandwidth_khz': 125}, rep 1: ok, peak=76435.0 uA, energy=10093.835 uJ
[17:40:40] INFO    [   2/2] TX    8 B, {'tx_power_dbm': 22, 'spreading_factor': 7, 'bandwidth_khz': 125}, rep 2: ok, peak=76435.0 uA, energy=9982.542 uJ
[17:40:40] INFO    Results: C:\Users\Alexandru\Desktop\module radio\ESP32-C3_Radio\power_profiler\web_sessions\20260719_174027_quick_radio_ra01sh_sx1262\packet_results\20260719_174027_radio_ra01sh_sx1262
[17:40:41] INFO    PPK2 current path enabled and guarded (external VIN -> VOUT)
[17:40:41] STEP    Fast RX, physical frame - attempt 1
[17:40:41] COMMAND $ "C:\Users\Alexandru\Desktop\module radio\ESP32-C3_Radio\power_profiler\.venv\Scripts\python.exe" -u -m radio_power_profiler run --module RADIO_RA01SH_SX1262 --direction rx --radio-port COM31 --ppk-port COM11 --voltage-mv 3300 --sizes 8 --repetitions 2 --cooldown-s 1 --keep-power-on --axis tx_power_dbm=22 --axis spreading_factor=7 --axis bandwidth_khz=125 --output "C:\Users\Alexandru\Desktop\module radio\ESP32-C3_Radio\power_profiler\web_sessions\20260719_174027_quick_radio_ra01sh_sx1262\packet_results" --transmitter-port COM32 --save-raw
[17:40:41] INFO    PPK2: COM11, mode=ampere, input voltage=3300 mV
[17:40:41] INFO    Measured receiver: COM31, 9600 baud
[17:40:41] INFO    Peer transmitter: COM32, 9600 baud
[17:40:45] INFO    Configuring measured receiver (Ai-Thinker RA-01SH (SX1262)) on COM31 ...
[17:40:48] INFO    Configuring peer transmitter on COM32 ...
[17:40:52] INFO    [   1/2] RX    8 B, {'tx_power_dbm': 22, 'spreading_factor': 7, 'bandwidth_khz': 125}, rep 1: ok, peak=10582.1 uA, energy=652.235 uJ
[17:40:55] INFO    [   2/2] RX    8 B, {'tx_power_dbm': 22, 'spreading_factor': 7, 'bandwidth_khz': 125}, rep 2: ok, peak=10524.7 uA, energy=651.735 uJ
[17:40:55] INFO    Results: C:\Users\Alexandru\Desktop\module radio\ESP32-C3_Radio\power_profiler\web_sessions\20260719_174027_quick_radio_ra01sh_sx1262\packet_results\20260719_174041_radio_ra01sh_sx1262_rx
[17:40:55] INFO    PPK2 current path enabled and guarded (external VIN -> VOUT)
[17:40:55] STEP    Slow TX, fragmented transfer - attempt 1
[17:40:56] COMMAND $ "C:\Users\Alexandru\Desktop\module radio\ESP32-C3_Radio\power_profiler\.venv\Scripts\python.exe" -u -m radio_power_profiler run --module RADIO_RA01SH_SX1262 --direction tx --radio-port COM31 --ppk-port COM11 --voltage-mv 3300 --sizes 32 --repetitions 2 --cooldown-s 1 --keep-power-on --axis tx_power_dbm=-9 --axis spreading_factor=12 --axis bandwidth_khz=125 --output "C:\Users\Alexandru\Desktop\module radio\ESP32-C3_Radio\power_profiler\web_sessions\20260719_174027_quick_radio_ra01sh_sx1262\packet_results" --receiver-port COM32 --save-raw
[17:40:56] INFO    PPK2: COM11, mode=ampere, input voltage=3300 mV
[17:40:56] INFO    Measured transmitter: COM31, 9600 baud
[17:40:56] INFO    Peer receiver: COM32, 9600 baud
[17:40:59] INFO    Configuring measured transmitter (Ai-Thinker RA-01SH (SX1262)) on COM31 ...
[17:41:02] INFO    Configuring peer receiver on COM32 ...
[17:41:12] INFO    [   1/2] TX   32 B, {'tx_power_dbm': -9, 'spreading_factor': 12, 'bandwidth_khz': 125}, rep 1: rx_missing, peak=18276.5 uA, energy=100384.655 uJ
[17:41:19] INFO    [   2/2] TX   32 B, {'tx_power_dbm': -9, 'spreading_factor': 12, 'bandwidth_khz': 125}, rep 2: ok, peak=18656.9 uA, energy=100324.821 uJ
[17:41:19] INFO    Results: C:\Users\Alexandru\Desktop\module radio\ESP32-C3_Radio\power_profiler\web_sessions\20260719_174027_quick_radio_ra01sh_sx1262\packet_results\20260719_174056_radio_ra01sh_sx1262
[17:41:20] INFO    PPK2 current path enabled and guarded (external VIN -> VOUT)
[17:41:20] WARNING Slow TX, fragmented transfer: 1 transfers have missing packets or fragments
[17:41:20] STEP    Slow RX, fragmented transfer - attempt 1
[17:41:20] COMMAND $ "C:\Users\Alexandru\Desktop\module radio\ESP32-C3_Radio\power_profiler\.venv\Scripts\python.exe" -u -m radio_power_profiler run --module RADIO_RA01SH_SX1262 --direction rx --radio-port COM31 --ppk-port COM11 --voltage-mv 3300 --sizes 32 --repetitions 2 --cooldown-s 1 --keep-power-on --axis tx_power_dbm=-9 --axis spreading_factor=12 --axis bandwidth_khz=125 --output "C:\Users\Alexandru\Desktop\module radio\ESP32-C3_Radio\power_profiler\web_sessions\20260719_174027_quick_radio_ra01sh_sx1262\packet_results" --transmitter-port COM32 --save-raw
[17:41:20] INFO    PPK2: COM11, mode=ampere, input voltage=3300 mV
[17:41:20] INFO    Measured receiver: COM31, 9600 baud
[17:41:20] INFO    Peer transmitter: COM32, 9600 baud
[17:41:23] INFO    Configuring measured receiver (Ai-Thinker RA-01SH (SX1262)) on COM31 ...
[17:41:26] INFO    Configuring peer transmitter on COM32 ...
[17:41:36] INFO    [   1/2] RX   32 B, {'tx_power_dbm': -9, 'spreading_factor': 12, 'bandwidth_khz': 125}, rep 1: rx_missing, peak=11606.5 uA, energy=30149.516 uJ
[17:41:43] INFO    [   2/2] RX   32 B, {'tx_power_dbm': -9, 'spreading_factor': 12, 'bandwidth_khz': 125}, rep 2: rx_missing, peak=11499.9 uA, energy=30245.122 uJ
[17:41:43] INFO    Results: C:\Users\Alexandru\Desktop\module radio\ESP32-C3_Radio\power_profiler\web_sessions\20260719_174027_quick_radio_ra01sh_sx1262\packet_results\20260719_174120_radio_ra01sh_sx1262_rx
[17:41:44] INFO    PPK2 current path enabled and guarded (external VIN -> VOUT)
[17:41:44] WARNING Slow RX, fragmented transfer: 2 transfers have missing packets or fragments
[17:41:44] FINISH  Test completed successfully
[17:43:36] WARNING PPK2 current-path guard released for an external diagnostic; VIN -> VOUT remains enabled
[17:47:10] INFO    PPK2 current path enabled and guarded (external VIN -> VOUT)
[17:49:58] WARNING PPK2 current-path guard released for an external diagnostic; VIN -> VOUT remains enabled
[17:51:16] INFO    PPK2 current path enabled and guarded (external VIN -> VOUT)
